{"/Users/caseyjparker/test/js/app-config.cjs": {"path":"/Users/caseyjparker/test/js/app-config.cjs","statementMap":{"0":{"start":{"line":3,"column":16},"end":{"line":3,"column":35}},"1":{"start":{"line":4,"column":11},"end":{"line":4,"column":24}},"2":{"start":{"line":5,"column":13},"end":{"line":5,"column":28}},"3":{"start":{"line":7,"column":14},"end":{"line":7,"column":43}},"4":{"start":{"line":8,"column":14},"end":{"line":8,"column":42}},"5":{"start":{"line":10,"column":16},"end":{"line":12,"column":32}},"6":{"start":{"line":14,"column":18},"end":{"line":20,"column":1}},"7":{"start":{"line":25,"column":20},"end":{"line":25,"column":36}},"8":{"start":{"line":26,"column":28},"end":{"line":26,"column":53}},"9":{"start":{"line":27,"column":26},"end":{"line":27,"column":49}},"10":{"start":{"line":28,"column":24},"end":{"line":28,"column":45}},"11":{"start":{"line":29,"column":19},"end":{"line":29,"column":62}},"12":{"start":{"line":30,"column":4},"end":{"line":30,"column":129}},"13":{"start":{"line":33,"column":0},"end":{"line":37,"column":2}}},"fnMap":{"0":{"name":"getDetails","decl":{"start":{"line":23,"column":9},"end":{"line":23,"column":19}},"loc":{"start":{"line":24,"column":0},"end":{"line":31,"column":1}},"line":24}},"branchMap":{"0":{"loc":{"start":{"line":10,"column":16},"end":{"line":12,"column":32}},"type":"cond-expr","locations":[{"start":{"line":11,"column":6},"end":{"line":11,"column":36}},{"start":{"line":12,"column":6},"end":{"line":12,"column":32}}],"line":10},"1":{"loc":{"start":{"line":18,"column":35},"end":{"line":18,"column":89}},"type":"cond-expr","locations":[{"start":{"line":18,"column":43},"end":{"line":18,"column":67}},{"start":{"line":18,"column":70},"end":{"line":18,"column":89}}],"line":18},"2":{"loc":{"start":{"line":19,"column":35},"end":{"line":19,"column":99}},"type":"cond-expr","locations":[{"start":{"line":19,"column":43},"end":{"line":19,"column":67}},{"start":{"line":19,"column":70},"end":{"line":19,"column":99}}],"line":19}},"s":{"0":7,"1":7,"2":7,"3":7,"4":7,"5":7,"6":7,"7":0,"8":0,"9":0,"10":0,"11":0,"12":0,"13":7},"f":{"0":0},"b":{"0":[0,7],"1":[0,7],"2":[0,7]},"_coverageSchema":"1a1c01bbd47fc00a2c39e90264f33305004495a9","hash":"c97d14d8837c2449aeeddbb19989fb52401ea4ca","contentHash":"d4e5766d19510e9cf79b5809333e1f9502699a6d256e4402ad5499db0e5ab43c"}
,"/Users/caseyjparker/test/js/window-aux.cjs": {"path":"/Users/caseyjparker/test/js/window-aux.cjs","statementMap":{"0":{"start":{"line":3,"column":17},"end":{"line":3,"column":36}},"1":{"start":{"line":4,"column":22},"end":{"line":4,"column":44}},"2":{"start":{"line":5,"column":15},"end":{"line":5,"column":30}},"3":{"start":{"line":14,"column":26},"end":{"line":14,"column":58}},"4":{"start":{"line":15,"column":4},"end":{"line":15,"column":59}},"5":{"start":{"line":17,"column":4},"end":{"line":17,"column":29}},"6":{"start":{"line":18,"column":4},"end":{"line":18,"column":65}},"7":{"start":{"line":28,"column":4},"end":{"line":28,"column":59}},"8":{"start":{"line":30,"column":4},"end":{"line":30,"column":29}},"9":{"start":{"line":31,"column":4},"end":{"line":31,"column":80}},"10":{"start":{"line":34,"column":0},"end":{"line":37,"column":2}}},"fnMap":{"0":{"name":"showDialog","decl":{"start":{"line":12,"column":9},"end":{"line":12,"column":19}},"loc":{"start":{"line":13,"column":0},"end":{"line":19,"column":1}},"line":13},"1":{"name":"showDialogSync","decl":{"start":{"line":26,"column":9},"end":{"line":26,"column":23}},"loc":{"start":{"line":27,"column":0},"end":{"line":32,"column":1}},"line":27}},"branchMap":{"0":{"loc":{"start":{"line":15,"column":23},"end":{"line":15,"column":58}},"type":"binary-expr","locations":[{"start":{"line":15,"column":23},"end":{"line":15,"column":39}},{"start":{"line":15,"column":43},"end":{"line":15,"column":58}}],"line":15},"1":{"loc":{"start":{"line":18,"column":33},"end":{"line":18,"column":54}},"type":"binary-expr","locations":[{"start":{"line":18,"column":33},"end":{"line":18,"column":46}},{"start":{"line":18,"column":50},"end":{"line":18,"column":54}}],"line":18},"2":{"loc":{"start":{"line":28,"column":23},"end":{"line":28,"column":58}},"type":"binary-expr","locations":[{"start":{"line":28,"column":23},"end":{"line":28,"column":39}},{"start":{"line":28,"column":43},"end":{"line":28,"column":58}}],"line":28}},"s":{"0":6,"1":6,"2":6,"3":0,"4":0,"5":0,"6":0,"7":0,"8":0,"9":0,"10":6},"f":{"0":0,"1":0},"b":{"0":[0,0],"1":[0,0],"2":[0,0]},"_coverageSchema":"1a1c01bbd47fc00a2c39e90264f33305004495a9","hash":"f5d79aba0135a7f368bad1733ffc1f3297966e8d","contentHash":"6b7a1fd2ea4330a796391aaee9f45701a2f757e29fa835ec2cbbb9cf36133f40"}
}
