{
  "/Users/caseyjparker/test/js/app-config.cjs": {
    "path": "/Users/caseyjparker/test/js/app-config.cjs",
    "all": false,
    "statementMap": {
      "0": {
        "start": {
          "line": 3,
          "column": 16
        },
        "end": {
          "line": 3,
          "column": 35
        }
      },
      "1": {
        "start": {
          "line": 4,
          "column": 11
        },
        "end": {
          "line": 4,
          "column": 24
        }
      },
      "2": {
        "start": {
          "line": 5,
          "column": 13
        },
        "end": {
          "line": 5,
          "column": 28
        }
      },
      "3": {
        "start": {
          "line": 7,
          "column": 14
        },
        "end": {
          "line": 7,
          "column": 43
        }
      },
      "4": {
        "start": {
          "line": 8,
          "column": 14
        },
        "end": {
          "line": 8,
          "column": 42
        }
      },
      "5": {
        "start": {
          "line": 10,
          "column": 16
        },
        "end": {
          "line": 12,
          "column": 32
        }
      },
      "6": {
        "start": {
          "line": 14,
          "column": 18
        },
        "end": {
          "line": 20,
          "column": 1
        }
      },
      "7": {
        "start": {
          "line": 24,
          "column": 20
        },
        "end": {
          "line": 24,
          "column": 36
        }
      },
      "8": {
        "start": {
          "line": 25,
          "column": 28
        },
        "end": {
          "line": 25,
          "column": 53
        }
      },
      "9": {
        "start": {
          "line": 26,
          "column": 26
        },
        "end": {
          "line": 26,
          "column": 49
        }
      },
      "10": {
        "start": {
          "line": 27,
          "column": 24
        },
        "end": {
          "line": 27,
          "column": 45
        }
      },
      "11": {
        "start": {
          "line": 28,
          "column": 19
        },
        "end": {
          "line": 28,
          "column": 62
        }
      },
      "12": {
        "start": {
          "line": 29,
          "column": 4
        },
        "end": {
          "line": 29,
          "column": 129
        }
      },
      "13": {
        "start": {
          "line": 32,
          "column": 0
        },
        "end": {
          "line": 36,
          "column": 2
        }
      }
    },
    "s": {
      "0": 7,
      "1": 7,
      "2": 7,
      "3": 7,
      "4": 7,
      "5": 7,
      "6": 7,
      "7": 7,
      "8": 7,
      "9": 7,
      "10": 7,
      "11": 7,
      "12": 7,
      "13": 7,
      "14": 7,
      "15": 7,
      "16": 7,
      "17": 7,
      "18": 7,
      "19": 7,
      "20": 7,
      "21": 0,
      "22": 0,
      "23": 0,
      "24": 0,
      "25": 0,
      "26": 0,
      "27": 0,
      "28": 0,
      "29": 0,
      "30": 7,
      "31": 7,
      "32": 7,
      "33": 7,
      "34": 7,
      "35": 7
    },
    "branchMap": {
      "0": {
        "loc": {
          "start": {
            "line": 10,
            "column": 16
          },
          "end": {
            "line": 12,
            "column": 32
          }
        },
        "type": "cond-expr",
        "locations": [
          {
            "start": {
              "line": 11,
              "column": 6
            },
            "end": {
              "line": 11,
              "column": 36
            }
          },
          {
            "start": {
              "line": 12,
              "column": 6
            },
            "end": {
              "line": 12,
              "column": 32
            }
          }
        ],
        "line": 10
      },
      "1": {
        "loc": {
          "start": {
            "line": 18,
            "column": 35
          },
          "end": {
            "line": 18,
            "column": 89
          }
        },
        "type": "cond-expr",
        "locations": [
          {
            "start": {
              "line": 18,
              "column": 43
            },
            "end": {
              "line": 18,
              "column": 67
            }
          },
          {
            "start": {
              "line": 18,
              "column": 70
            },
            "end": {
              "line": 18,
              "column": 89
            }
          }
        ],
        "line": 18
      },
      "2": {
        "loc": {
          "start": {
            "line": 19,
            "column": 35
          },
          "end": {
            "line": 19,
            "column": 99
          }
        },
        "type": "cond-expr",
        "locations": [
          {
            "start": {
              "line": 19,
              "column": 43
            },
            "end": {
              "line": 19,
              "column": 67
            }
          },
          {
            "start": {
              "line": 19,
              "column": 70
            },
            "end": {
              "line": 19,
              "column": 99
            }
          }
        ],
        "line": 19
      }
    },
    "b": {
      "0": [
        7,
        1
      ],
      "1": [
        0,
        1
      ],
      "2": [
        0,
        1
      ],
      "3": [
        0
      ]
    },
    "fnMap": {
      "0": {
        "name": "getDetails",
        "decl": {
          "start": {
            "line": 22,
            "column": 9
          },
          "end": {
            "line": 22,
            "column": 19
          }
        },
        "loc": {
          "start": {
            "line": 23,
            "column": 0
          },
          "end": {
            "line": 30,
            "column": 1
          }
        },
        "line": 23
      }
    },
    "f": {
      "0": 0
    }
  },
  "/Users/caseyjparker/test/js/app-config.mjs": {
    "path": "/Users/caseyjparker/test/js/app-config.mjs",
    "all": false,
    "statementMap": {
      "0": {
        "start": {
          "line": 1,
          "column": 0
        },
        "end": {
          "line": 1,
          "column": 13
        }
      },
      "1": {
        "start": {
          "line": 2,
          "column": 0
        },
        "end": {
          "line": 2,
          "column": 0
        }
      },
      "2": {
        "start": {
          "line": 3,
          "column": 0
        },
        "end": {
          "line": 3,
          "column": 33
        }
      },
      "3": {
        "start": {
          "line": 4,
          "column": 0
        },
        "end": {
          "line": 4,
          "column": 0
        }
      },
      "4": {
        "start": {
          "line": 5,
          "column": 0
        },
        "end": {
          "line": 5,
          "column": 18
        }
      },
      "5": {
        "start": {
          "line": 6,
          "column": 0
        },
        "end": {
          "line": 6,
          "column": 39
        }
      },
      "6": {
        "start": {
          "line": 7,
          "column": 0
        },
        "end": {
          "line": 7,
          "column": 47
        }
      },
      "7": {
        "start": {
          "line": 8,
          "column": 0
        },
        "end": {
          "line": 8,
          "column": 0
        }
      },
      "8": {
        "start": {
          "line": 9,
          "column": 0
        },
        "end": {
          "line": 9,
          "column": 71
        }
      },
      "9": {
        "start": {
          "line": 10,
          "column": 0
        },
        "end": {
          "line": 10,
          "column": 0
        }
      },
      "10": {
        "start": {
          "line": 11,
          "column": 0
        },
        "end": {
          "line": 11,
          "column": 8
        }
      },
      "11": {
        "start": {
          "line": 12,
          "column": 0
        },
        "end": {
          "line": 12,
          "column": 14
        }
      },
      "12": {
        "start": {
          "line": 13,
          "column": 0
        },
        "end": {
          "line": 13,
          "column": 15
        }
      },
      "13": {
        "start": {
          "line": 14,
          "column": 0
        },
        "end": {
          "line": 14,
          "column": 12
        }
      },
      "14": {
        "start": {
          "line": 15,
          "column": 0
        },
        "end": {
          "line": 15,
          "column": 2
        }
      }
    },
    "s": {
      "0": 7,
      "1": 7,
      "2": 7,
      "3": 7,
      "4": 7,
      "5": 7,
      "6": 7,
      "7": 7,
      "8": 7,
      "9": 7,
      "10": 7,
      "11": 7,
      "12": 7,
      "13": 7,
      "14": 7
    },
    "branchMap": {
      "0": {
        "type": "branch",
        "line": 1,
        "loc": {
          "start": {
            "line": 1,
            "column": 0
          },
          "end": {
            "line": 15,
            "column": 2
          }
        },
        "locations": [
          {
            "start": {
              "line": 1,
              "column": 0
            },
            "end": {
              "line": 15,
              "column": 2
            }
          }
        ]
      }
    },
    "b": {
      "0": [
        7
      ]
    },
    "fnMap": {},
    "f": {}
  },
  "/Users/caseyjparker/test/js/date-aux.mjs": {
    "path": "/Users/caseyjparker/test/js/date-aux.mjs",
    "all": false,
    "statementMap": {
      "0": {
        "start": {
          "line": 1,
          "column": 0
        },
        "end": {
          "line": 1,
          "column": 13
        }
      },
      "1": {
        "start": {
          "line": 2,
          "column": 0
        },
        "end": {
          "line": 2,
          "column": 0
        }
      },
      "2": {
        "start": {
          "line": 3,
          "column": 0
        },
        "end": {
          "line": 3,
          "column": 2
        }
      },
      "3": {
        "start": {
          "line": 4,
          "column": 0
        },
        "end": {
          "line": 4,
          "column": 63
        }
      },
      "4": {
        "start": {
          "line": 5,
          "column": 0
        },
        "end": {
          "line": 5,
          "column": 3
        }
      },
      "5": {
        "start": {
          "line": 6,
          "column": 0
        },
        "end": {
          "line": 6,
          "column": 25
        }
      },
      "6": {
        "start": {
          "line": 7,
          "column": 0
        },
        "end": {
          "line": 7,
          "column": 1
        }
      },
      "7": {
        "start": {
          "line": 8,
          "column": 0
        },
        "end": {
          "line": 8,
          "column": 7
        }
      },
      "8": {
        "start": {
          "line": 9,
          "column": 0
        },
        "end": {
          "line": 9,
          "column": 5
        }
      },
      "9": {
        "start": {
          "line": 10,
          "column": 0
        },
        "end": {
          "line": 10,
          "column": 105
        }
      },
      "10": {
        "start": {
          "line": 11,
          "column": 0
        },
        "end": {
          "line": 11,
          "column": 5
        }
      },
      "11": {
        "start": {
          "line": 12,
          "column": 0
        },
        "end": {
          "line": 12,
          "column": 15
        }
      },
      "12": {
        "start": {
          "line": 13,
          "column": 0
        },
        "end": {
          "line": 13,
          "column": 5
        }
      },
      "13": {
        "start": {
          "line": 14,
          "column": 0
        },
        "end": {
          "line": 14,
          "column": 30
        }
      },
      "14": {
        "start": {
          "line": 15,
          "column": 0
        },
        "end": {
          "line": 15,
          "column": 5
        }
      },
      "15": {
        "start": {
          "line": 16,
          "column": 0
        },
        "end": {
          "line": 16,
          "column": 1
        }
      },
      "16": {
        "start": {
          "line": 17,
          "column": 0
        },
        "end": {
          "line": 17,
          "column": 0
        }
      },
      "17": {
        "start": {
          "line": 18,
          "column": 0
        },
        "end": {
          "line": 18,
          "column": 2
        }
      },
      "18": {
        "start": {
          "line": 19,
          "column": 0
        },
        "end": {
          "line": 19,
          "column": 64
        }
      },
      "19": {
        "start": {
          "line": 20,
          "column": 0
        },
        "end": {
          "line": 20,
          "column": 3
        }
      },
      "20": {
        "start": {
          "line": 21,
          "column": 0
        },
        "end": {
          "line": 21,
          "column": 36
        }
      },
      "21": {
        "start": {
          "line": 22,
          "column": 0
        },
        "end": {
          "line": 22,
          "column": 1
        }
      },
      "22": {
        "start": {
          "line": 23,
          "column": 0
        },
        "end": {
          "line": 23,
          "column": 41
        }
      },
      "23": {
        "start": {
          "line": 24,
          "column": 0
        },
        "end": {
          "line": 24,
          "column": 23
        }
      },
      "24": {
        "start": {
          "line": 25,
          "column": 0
        },
        "end": {
          "line": 25,
          "column": 1
        }
      },
      "25": {
        "start": {
          "line": 26,
          "column": 0
        },
        "end": {
          "line": 26,
          "column": 0
        }
      },
      "26": {
        "start": {
          "line": 27,
          "column": 0
        },
        "end": {
          "line": 27,
          "column": 2
        }
      },
      "27": {
        "start": {
          "line": 28,
          "column": 0
        },
        "end": {
          "line": 28,
          "column": 73
        }
      },
      "28": {
        "start": {
          "line": 29,
          "column": 0
        },
        "end": {
          "line": 29,
          "column": 3
        }
      },
      "29": {
        "start": {
          "line": 30,
          "column": 0
        },
        "end": {
          "line": 30,
          "column": 32
        }
      },
      "30": {
        "start": {
          "line": 31,
          "column": 0
        },
        "end": {
          "line": 31,
          "column": 1
        }
      },
      "31": {
        "start": {
          "line": 32,
          "column": 0
        },
        "end": {
          "line": 32,
          "column": 28
        }
      },
      "32": {
        "start": {
          "line": 33,
          "column": 0
        },
        "end": {
          "line": 33,
          "column": 24
        }
      },
      "33": {
        "start": {
          "line": 34,
          "column": 0
        },
        "end": {
          "line": 34,
          "column": 141
        }
      },
      "34": {
        "start": {
          "line": 35,
          "column": 0
        },
        "end": {
          "line": 35,
          "column": 7
        }
      },
      "35": {
        "start": {
          "line": 36,
          "column": 0
        },
        "end": {
          "line": 36,
          "column": 5
        }
      },
      "36": {
        "start": {
          "line": 37,
          "column": 0
        },
        "end": {
          "line": 37,
          "column": 72
        }
      },
      "37": {
        "start": {
          "line": 38,
          "column": 0
        },
        "end": {
          "line": 38,
          "column": 5
        }
      },
      "38": {
        "start": {
          "line": 39,
          "column": 0
        },
        "end": {
          "line": 39,
          "column": 15
        }
      },
      "39": {
        "start": {
          "line": 40,
          "column": 0
        },
        "end": {
          "line": 40,
          "column": 5
        }
      },
      "40": {
        "start": {
          "line": 41,
          "column": 0
        },
        "end": {
          "line": 41,
          "column": 30
        }
      },
      "41": {
        "start": {
          "line": 42,
          "column": 0
        },
        "end": {
          "line": 42,
          "column": 5
        }
      },
      "42": {
        "start": {
          "line": 43,
          "column": 0
        },
        "end": {
          "line": 43,
          "column": 1
        }
      },
      "43": {
        "start": {
          "line": 44,
          "column": 0
        },
        "end": {
          "line": 44,
          "column": 0
        }
      },
      "44": {
        "start": {
          "line": 45,
          "column": 0
        },
        "end": {
          "line": 45,
          "column": 8
        }
      },
      "45": {
        "start": {
          "line": 46,
          "column": 0
        },
        "end": {
          "line": 46,
          "column": 26
        }
      },
      "46": {
        "start": {
          "line": 47,
          "column": 0
        },
        "end": {
          "line": 47,
          "column": 15
        }
      },
      "47": {
        "start": {
          "line": 48,
          "column": 0
        },
        "end": {
          "line": 48,
          "column": 19
        }
      },
      "48": {
        "start": {
          "line": 49,
          "column": 0
        },
        "end": {
          "line": 49,
          "column": 2
        }
      }
    },
    "s": {
      "0": 6,
      "1": 6,
      "2": 6,
      "3": 6,
      "4": 6,
      "5": 6,
      "6": 6,
      "7": 6,
      "8": 6,
      "9": 6,
      "10": 6,
      "11": 6,
      "12": 0,
      "13": 0,
      "14": 0,
      "15": 6,
      "16": 6,
      "17": 6,
      "18": 6,
      "19": 6,
      "20": 0,
      "21": 0,
      "22": 0,
      "23": 0,
      "24": 0,
      "25": 6,
      "26": 6,
      "27": 6,
      "28": 6,
      "29": 0,
      "30": 0,
      "31": 0,
      "32": 0,
      "33": 0,
      "34": 0,
      "35": 0,
      "36": 0,
      "37": 0,
      "38": 0,
      "39": 0,
      "40": 0,
      "41": 0,
      "42": 0,
      "43": 6,
      "44": 6,
      "45": 6,
      "46": 6,
      "47": 6,
      "48": 6
    },
    "branchMap": {
      "0": {
        "type": "branch",
        "line": 1,
        "loc": {
          "start": {
            "line": 1,
            "column": 0
          },
          "end": {
            "line": 49,
            "column": 2
          }
        },
        "locations": [
          {
            "start": {
              "line": 1,
              "column": 0
            },
            "end": {
              "line": 49,
              "column": 2
            }
          }
        ]
      },
      "1": {
        "type": "branch",
        "line": 6,
        "loc": {
          "start": {
            "line": 6,
            "column": 0
          },
          "end": {
            "line": 16,
            "column": 1
          }
        },
        "locations": [
          {
            "start": {
              "line": 6,
              "column": 0
            },
            "end": {
              "line": 16,
              "column": 1
            }
          }
        ]
      },
      "2": {
        "type": "branch",
        "line": 12,
        "loc": {
          "start": {
            "line": 12,
            "column": 4
          },
          "end": {
            "line": 15,
            "column": 5
          }
        },
        "locations": [
          {
            "start": {
              "line": 12,
              "column": 4
            },
            "end": {
              "line": 15,
              "column": 5
            }
          }
        ]
      }
    },
    "b": {
      "0": [
        6
      ],
      "1": [
        6
      ],
      "2": [
        0
      ]
    },
    "fnMap": {
      "0": {
        "name": "getDateStr",
        "decl": {
          "start": {
            "line": 6,
            "column": 0
          },
          "end": {
            "line": 16,
            "column": 1
          }
        },
        "loc": {
          "start": {
            "line": 6,
            "column": 0
          },
          "end": {
            "line": 16,
            "column": 1
          }
        },
        "line": 6
      },
      "1": {
        "name": "getMonthLength",
        "decl": {
          "start": {
            "line": 21,
            "column": 0
          },
          "end": {
            "line": 25,
            "column": 1
          }
        },
        "loc": {
          "start": {
            "line": 21,
            "column": 0
          },
          "end": {
            "line": 25,
            "column": 1
          }
        },
        "line": 21
      },
      "2": {
        "name": "getCurrentDateTimeStr",
        "decl": {
          "start": {
            "line": 30,
            "column": 0
          },
          "end": {
            "line": 43,
            "column": 1
          }
        },
        "loc": {
          "start": {
            "line": 30,
            "column": 0
          },
          "end": {
            "line": 43,
            "column": 1
          }
        },
        "line": 30
      }
    },
    "f": {
      "0": 6,
      "1": 0,
      "2": 0
    }
  },
  "/Users/caseyjparker/test/js/date-db-formatter.mjs": {
    "path": "/Users/caseyjparker/test/js/date-db-formatter.mjs",
    "all": false,
    "statementMap": {
      "0": {
        "start": {
          "line": 1,
          "column": 0
        },
        "end": {
          "line": 1,
          "column": 13
        }
      },
      "1": {
        "start": {
          "line": 2,
          "column": 0
        },
        "end": {
          "line": 2,
          "column": 0
        }
      },
      "2": {
        "start": {
          "line": 3,
          "column": 0
        },
        "end": {
          "line": 3,
          "column": 3
        }
      },
      "3": {
        "start": {
          "line": 4,
          "column": 0
        },
        "end": {
          "line": 4,
          "column": 76
        }
      },
      "4": {
        "start": {
          "line": 5,
          "column": 0
        },
        "end": {
          "line": 5,
          "column": 66
        }
      },
      "5": {
        "start": {
          "line": 6,
          "column": 0
        },
        "end": {
          "line": 6,
          "column": 74
        }
      },
      "6": {
        "start": {
          "line": 7,
          "column": 0
        },
        "end": {
          "line": 7,
          "column": 54
        }
      },
      "7": {
        "start": {
          "line": 8,
          "column": 0
        },
        "end": {
          "line": 8,
          "column": 19
        }
      },
      "8": {
        "start": {
          "line": 9,
          "column": 0
        },
        "end": {
          "line": 9,
          "column": 3
        }
      },
      "9": {
        "start": {
          "line": 10,
          "column": 0
        },
        "end": {
          "line": 10,
          "column": 38
        }
      },
      "10": {
        "start": {
          "line": 11,
          "column": 0
        },
        "end": {
          "line": 11,
          "column": 1
        }
      },
      "11": {
        "start": {
          "line": 12,
          "column": 0
        },
        "end": {
          "line": 12,
          "column": 42
        }
      },
      "12": {
        "start": {
          "line": 13,
          "column": 0
        },
        "end": {
          "line": 13,
          "column": 1
        }
      },
      "13": {
        "start": {
          "line": 14,
          "column": 0
        },
        "end": {
          "line": 14,
          "column": 0
        }
      },
      "14": {
        "start": {
          "line": 15,
          "column": 0
        },
        "end": {
          "line": 15,
          "column": 8
        }
      },
      "15": {
        "start": {
          "line": 16,
          "column": 0
        },
        "end": {
          "line": 16,
          "column": 15
        }
      },
      "16": {
        "start": {
          "line": 17,
          "column": 0
        },
        "end": {
          "line": 17,
          "column": 2
        }
      }
    },
    "s": {
      "0": 6,
      "1": 6,
      "2": 6,
      "3": 6,
      "4": 6,
      "5": 6,
      "6": 6,
      "7": 6,
      "8": 6,
      "9": 0,
      "10": 0,
      "11": 0,
      "12": 0,
      "13": 6,
      "14": 6,
      "15": 6,
      "16": 6
    },
    "branchMap": {
      "0": {
        "type": "branch",
        "line": 1,
        "loc": {
          "start": {
            "line": 1,
            "column": 0
          },
          "end": {
            "line": 17,
            "column": 2
          }
        },
        "locations": [
          {
            "start": {
              "line": 1,
              "column": 0
            },
            "end": {
              "line": 17,
              "column": 2
            }
          }
        ]
      }
    },
    "b": {
      "0": [
        6
      ]
    },
    "fnMap": {
      "0": {
        "name": "generateKey",
        "decl": {
          "start": {
            "line": 10,
            "column": 0
          },
          "end": {
            "line": 13,
            "column": 1
          }
        },
        "loc": {
          "start": {
            "line": 10,
            "column": 0
          },
          "end": {
            "line": 13,
            "column": 1
          }
        },
        "line": 10
      }
    },
    "f": {
      "0": 0
    }
  },
  "/Users/caseyjparker/test/js/date-to-string-util.mjs": {
    "path": "/Users/caseyjparker/test/js/date-to-string-util.mjs",
    "all": true,
    "statementMap": {
      "0": {
        "start": {
          "line": 1,
          "column": 0
        },
        "end": {
          "line": 1,
          "column": 13
        }
      },
      "1": {
        "start": {
          "line": 2,
          "column": 0
        },
        "end": {
          "line": 2,
          "column": 0
        }
      },
      "2": {
        "start": {
          "line": 3,
          "column": 0
        },
        "end": {
          "line": 3,
          "column": 60
        }
      },
      "3": {
        "start": {
          "line": 4,
          "column": 0
        },
        "end": {
          "line": 4,
          "column": 0
        }
      },
      "4": {
        "start": {
          "line": 5,
          "column": 0
        },
        "end": {
          "line": 5,
          "column": 69
        }
      },
      "5": {
        "start": {
          "line": 6,
          "column": 0
        },
        "end": {
          "line": 6,
          "column": 144
        }
      },
      "6": {
        "start": {
          "line": 7,
          "column": 0
        },
        "end": {
          "line": 7,
          "column": 0
        }
      },
      "7": {
        "start": {
          "line": 8,
          "column": 0
        },
        "end": {
          "line": 8,
          "column": 3
        }
      },
      "8": {
        "start": {
          "line": 9,
          "column": 0
        },
        "end": {
          "line": 9,
          "column": 71
        }
      },
      "9": {
        "start": {
          "line": 10,
          "column": 0
        },
        "end": {
          "line": 10,
          "column": 72
        }
      },
      "10": {
        "start": {
          "line": 11,
          "column": 0
        },
        "end": {
          "line": 11,
          "column": 56
        }
      },
      "11": {
        "start": {
          "line": 12,
          "column": 0
        },
        "end": {
          "line": 12,
          "column": 3
        }
      },
      "12": {
        "start": {
          "line": 13,
          "column": 0
        },
        "end": {
          "line": 13,
          "column": 43
        }
      },
      "13": {
        "start": {
          "line": 14,
          "column": 0
        },
        "end": {
          "line": 14,
          "column": 1
        }
      },
      "14": {
        "start": {
          "line": 15,
          "column": 0
        },
        "end": {
          "line": 15,
          "column": 104
        }
      },
      "15": {
        "start": {
          "line": 16,
          "column": 0
        },
        "end": {
          "line": 16,
          "column": 1
        }
      },
      "16": {
        "start": {
          "line": 17,
          "column": 0
        },
        "end": {
          "line": 17,
          "column": 0
        }
      },
      "17": {
        "start": {
          "line": 18,
          "column": 0
        },
        "end": {
          "line": 18,
          "column": 0
        }
      },
      "18": {
        "start": {
          "line": 19,
          "column": 0
        },
        "end": {
          "line": 19,
          "column": 3
        }
      },
      "19": {
        "start": {
          "line": 20,
          "column": 0
        },
        "end": {
          "line": 20,
          "column": 71
        }
      },
      "20": {
        "start": {
          "line": 21,
          "column": 0
        },
        "end": {
          "line": 21,
          "column": 58
        }
      },
      "21": {
        "start": {
          "line": 22,
          "column": 0
        },
        "end": {
          "line": 22,
          "column": 46
        }
      },
      "22": {
        "start": {
          "line": 23,
          "column": 0
        },
        "end": {
          "line": 23,
          "column": 3
        }
      },
      "23": {
        "start": {
          "line": 24,
          "column": 0
        },
        "end": {
          "line": 24,
          "column": 47
        }
      },
      "24": {
        "start": {
          "line": 25,
          "column": 0
        },
        "end": {
          "line": 25,
          "column": 1
        }
      },
      "25": {
        "start": {
          "line": 26,
          "column": 0
        },
        "end": {
          "line": 26,
          "column": 108
        }
      },
      "26": {
        "start": {
          "line": 27,
          "column": 0
        },
        "end": {
          "line": 27,
          "column": 1
        }
      },
      "27": {
        "start": {
          "line": 28,
          "column": 0
        },
        "end": {
          "line": 28,
          "column": 0
        }
      },
      "28": {
        "start": {
          "line": 29,
          "column": 0
        },
        "end": {
          "line": 29,
          "column": 8
        }
      },
      "29": {
        "start": {
          "line": 30,
          "column": 0
        },
        "end": {
          "line": 30,
          "column": 15
        }
      },
      "30": {
        "start": {
          "line": 31,
          "column": 0
        },
        "end": {
          "line": 31,
          "column": 17
        }
      },
      "31": {
        "start": {
          "line": 32,
          "column": 0
        },
        "end": {
          "line": 32,
          "column": 2
        }
      }
    },
    "s": {
      "0": 0,
      "1": 0,
      "2": 0,
      "3": 0,
      "4": 0,
      "5": 0,
      "6": 0,
      "7": 0,
      "8": 0,
      "9": 0,
      "10": 0,
      "11": 0,
      "12": 0,
      "13": 0,
      "14": 0,
      "15": 0,
      "16": 0,
      "17": 0,
      "18": 0,
      "19": 0,
      "20": 0,
      "21": 0,
      "22": 0,
      "23": 0,
      "24": 0,
      "25": 0,
      "26": 0,
      "27": 0,
      "28": 0,
      "29": 0,
      "30": 0,
      "31": 0
    },
    "branchMap": {
      "0": {
        "type": "branch",
        "line": 1,
        "loc": {
          "start": {
            "line": 1,
            "column": 0
          },
          "end": {
            "line": 32,
            "column": 2
          }
        },
        "locations": [
          {
            "start": {
              "line": 1,
              "column": 0
            },
            "end": {
              "line": 32,
              "column": 2
            }
          }
        ]
      }
    },
    "b": {
      "0": [
        0
      ]
    },
    "fnMap": {
      "0": {
        "name": "(empty-report)",
        "decl": {
          "start": {
            "line": 1,
            "column": 0
          },
          "end": {
            "line": 32,
            "column": 2
          }
        },
        "loc": {
          "start": {
            "line": 1,
            "column": 0
          },
          "end": {
            "line": 32,
            "column": 2
          }
        },
        "line": 1
      }
    },
    "f": {
      "0": 0
    }
  },
  "/Users/caseyjparker/test/js/demo-generator.mjs": {
    "path": "/Users/caseyjparker/test/js/demo-generator.mjs",
    "all": true,
    "statementMap": {
      "0": {
        "start": {
          "line": 1,
          "column": 0
        },
        "end": {
          "line": 1,
          "column": 13
        }
      },
      "1": {
        "start": {
          "line": 2,
          "column": 0
        },
        "end": {
          "line": 2,
          "column": 0
        }
      },
      "2": {
        "start": {
          "line": 3,
          "column": 0
        },
        "end": {
          "line": 3,
          "column": 35
        }
      },
      "3": {
        "start": {
          "line": 4,
          "column": 0
        },
        "end": {
          "line": 4,
          "column": 0
        }
      },
      "4": {
        "start": {
          "line": 5,
          "column": 0
        },
        "end": {
          "line": 5,
          "column": 53
        }
      },
      "5": {
        "start": {
          "line": 6,
          "column": 0
        },
        "end": {
          "line": 6,
          "column": 39
        }
      },
      "6": {
        "start": {
          "line": 7,
          "column": 0
        },
        "end": {
          "line": 7,
          "column": 0
        }
      },
      "7": {
        "start": {
          "line": 8,
          "column": 0
        },
        "end": {
          "line": 8,
          "column": 3
        }
      },
      "8": {
        "start": {
          "line": 9,
          "column": 0
        },
        "end": {
          "line": 9,
          "column": 109
        }
      },
      "9": {
        "start": {
          "line": 10,
          "column": 0
        },
        "end": {
          "line": 10,
          "column": 33
        }
      },
      "10": {
        "start": {
          "line": 11,
          "column": 0
        },
        "end": {
          "line": 11,
          "column": 33
        }
      },
      "11": {
        "start": {
          "line": 12,
          "column": 0
        },
        "end": {
          "line": 12,
          "column": 45
        }
      },
      "12": {
        "start": {
          "line": 13,
          "column": 0
        },
        "end": {
          "line": 13,
          "column": 3
        }
      },
      "13": {
        "start": {
          "line": 14,
          "column": 0
        },
        "end": {
          "line": 14,
          "column": 40
        }
      },
      "14": {
        "start": {
          "line": 15,
          "column": 0
        },
        "end": {
          "line": 15,
          "column": 1
        }
      },
      "15": {
        "start": {
          "line": 16,
          "column": 0
        },
        "end": {
          "line": 16,
          "column": 47
        }
      },
      "16": {
        "start": {
          "line": 17,
          "column": 0
        },
        "end": {
          "line": 17,
          "column": 69
        }
      },
      "17": {
        "start": {
          "line": 18,
          "column": 0
        },
        "end": {
          "line": 18,
          "column": 1
        }
      },
      "18": {
        "start": {
          "line": 19,
          "column": 0
        },
        "end": {
          "line": 19,
          "column": 0
        }
      },
      "19": {
        "start": {
          "line": 20,
          "column": 0
        },
        "end": {
          "line": 20,
          "column": 3
        }
      },
      "20": {
        "start": {
          "line": 21,
          "column": 0
        },
        "end": {
          "line": 21,
          "column": 78
        }
      },
      "21": {
        "start": {
          "line": 22,
          "column": 0
        },
        "end": {
          "line": 22,
          "column": 45
        }
      },
      "22": {
        "start": {
          "line": 23,
          "column": 0
        },
        "end": {
          "line": 23,
          "column": 33
        }
      },
      "23": {
        "start": {
          "line": 24,
          "column": 0
        },
        "end": {
          "line": 24,
          "column": 33
        }
      },
      "24": {
        "start": {
          "line": 25,
          "column": 0
        },
        "end": {
          "line": 25,
          "column": 43
        }
      },
      "25": {
        "start": {
          "line": 26,
          "column": 0
        },
        "end": {
          "line": 26,
          "column": 3
        }
      },
      "26": {
        "start": {
          "line": 27,
          "column": 0
        },
        "end": {
          "line": 27,
          "column": 29
        }
      },
      "27": {
        "start": {
          "line": 28,
          "column": 0
        },
        "end": {
          "line": 28,
          "column": 1
        }
      },
      "28": {
        "start": {
          "line": 29,
          "column": 0
        },
        "end": {
          "line": 29,
          "column": 49
        }
      },
      "29": {
        "start": {
          "line": 30,
          "column": 0
        },
        "end": {
          "line": 30,
          "column": 76
        }
      },
      "30": {
        "start": {
          "line": 31,
          "column": 0
        },
        "end": {
          "line": 31,
          "column": 55
        }
      },
      "31": {
        "start": {
          "line": 32,
          "column": 0
        },
        "end": {
          "line": 32,
          "column": 46
        }
      },
      "32": {
        "start": {
          "line": 33,
          "column": 0
        },
        "end": {
          "line": 33,
          "column": 1
        }
      },
      "33": {
        "start": {
          "line": 34,
          "column": 0
        },
        "end": {
          "line": 34,
          "column": 0
        }
      },
      "34": {
        "start": {
          "line": 35,
          "column": 0
        },
        "end": {
          "line": 35,
          "column": 3
        }
      },
      "35": {
        "start": {
          "line": 36,
          "column": 0
        },
        "end": {
          "line": 36,
          "column": 123
        }
      },
      "36": {
        "start": {
          "line": 37,
          "column": 0
        },
        "end": {
          "line": 37,
          "column": 125
        }
      },
      "37": {
        "start": {
          "line": 38,
          "column": 0
        },
        "end": {
          "line": 38,
          "column": 67
        }
      },
      "38": {
        "start": {
          "line": 39,
          "column": 0
        },
        "end": {
          "line": 39,
          "column": 63
        }
      },
      "39": {
        "start": {
          "line": 40,
          "column": 0
        },
        "end": {
          "line": 40,
          "column": 119
        }
      },
      "40": {
        "start": {
          "line": 41,
          "column": 0
        },
        "end": {
          "line": 41,
          "column": 150
        }
      },
      "41": {
        "start": {
          "line": 42,
          "column": 0
        },
        "end": {
          "line": 42,
          "column": 3
        }
      },
      "42": {
        "start": {
          "line": 43,
          "column": 0
        },
        "end": {
          "line": 43,
          "column": 119
        }
      },
      "43": {
        "start": {
          "line": 44,
          "column": 0
        },
        "end": {
          "line": 44,
          "column": 1
        }
      },
      "44": {
        "start": {
          "line": 45,
          "column": 0
        },
        "end": {
          "line": 45,
          "column": 55
        }
      },
      "45": {
        "start": {
          "line": 46,
          "column": 0
        },
        "end": {
          "line": 46,
          "column": 51
        }
      },
      "46": {
        "start": {
          "line": 47,
          "column": 0
        },
        "end": {
          "line": 47,
          "column": 0
        }
      },
      "47": {
        "start": {
          "line": 48,
          "column": 0
        },
        "end": {
          "line": 48,
          "column": 76
        }
      },
      "48": {
        "start": {
          "line": 49,
          "column": 0
        },
        "end": {
          "line": 49,
          "column": 0
        }
      },
      "49": {
        "start": {
          "line": 50,
          "column": 0
        },
        "end": {
          "line": 50,
          "column": 29
        }
      },
      "50": {
        "start": {
          "line": 51,
          "column": 0
        },
        "end": {
          "line": 51,
          "column": 75
        }
      },
      "51": {
        "start": {
          "line": 52,
          "column": 0
        },
        "end": {
          "line": 52,
          "column": 5
        }
      },
      "52": {
        "start": {
          "line": 53,
          "column": 0
        },
        "end": {
          "line": 53,
          "column": 48
        }
      },
      "53": {
        "start": {
          "line": 54,
          "column": 0
        },
        "end": {
          "line": 54,
          "column": 9
        }
      },
      "54": {
        "start": {
          "line": 55,
          "column": 0
        },
        "end": {
          "line": 55,
          "column": 21
        }
      },
      "55": {
        "start": {
          "line": 56,
          "column": 0
        },
        "end": {
          "line": 56,
          "column": 9
        }
      },
      "56": {
        "start": {
          "line": 57,
          "column": 0
        },
        "end": {
          "line": 57,
          "column": 0
        }
      },
      "57": {
        "start": {
          "line": 58,
          "column": 0
        },
        "end": {
          "line": 58,
          "column": 74
        }
      },
      "58": {
        "start": {
          "line": 59,
          "column": 0
        },
        "end": {
          "line": 59,
          "column": 74
        }
      },
      "59": {
        "start": {
          "line": 60,
          "column": 0
        },
        "end": {
          "line": 60,
          "column": 74
        }
      },
      "60": {
        "start": {
          "line": 61,
          "column": 0
        },
        "end": {
          "line": 61,
          "column": 74
        }
      },
      "61": {
        "start": {
          "line": 62,
          "column": 0
        },
        "end": {
          "line": 62,
          "column": 67
        }
      },
      "62": {
        "start": {
          "line": 63,
          "column": 0
        },
        "end": {
          "line": 63,
          "column": 93
        }
      },
      "63": {
        "start": {
          "line": 64,
          "column": 0
        },
        "end": {
          "line": 64,
          "column": 5
        }
      },
      "64": {
        "start": {
          "line": 65,
          "column": 0
        },
        "end": {
          "line": 65,
          "column": 74
        }
      },
      "65": {
        "start": {
          "line": 66,
          "column": 0
        },
        "end": {
          "line": 66,
          "column": 62
        }
      },
      "66": {
        "start": {
          "line": 67,
          "column": 0
        },
        "end": {
          "line": 67,
          "column": 37
        }
      },
      "67": {
        "start": {
          "line": 68,
          "column": 0
        },
        "end": {
          "line": 68,
          "column": 1
        }
      },
      "68": {
        "start": {
          "line": 69,
          "column": 0
        },
        "end": {
          "line": 69,
          "column": 0
        }
      },
      "69": {
        "start": {
          "line": 70,
          "column": 0
        },
        "end": {
          "line": 70,
          "column": 8
        }
      },
      "70": {
        "start": {
          "line": 71,
          "column": 0
        },
        "end": {
          "line": 71,
          "column": 27
        }
      },
      "71": {
        "start": {
          "line": 72,
          "column": 0
        },
        "end": {
          "line": 72,
          "column": 2
        }
      }
    },
    "s": {
      "0": 0,
      "1": 0,
      "2": 0,
      "3": 0,
      "4": 0,
      "5": 0,
      "6": 0,
      "7": 0,
      "8": 0,
      "9": 0,
      "10": 0,
      "11": 0,
      "12": 0,
      "13": 0,
      "14": 0,
      "15": 0,
      "16": 0,
      "17": 0,
      "18": 0,
      "19": 0,
      "20": 0,
      "21": 0,
      "22": 0,
      "23": 0,
      "24": 0,
      "25": 0,
      "26": 0,
      "27": 0,
      "28": 0,
      "29": 0,
      "30": 0,
      "31": 0,
      "32": 0,
      "33": 0,
      "34": 0,
      "35": 0,
      "36": 0,
      "37": 0,
      "38": 0,
      "39": 0,
      "40": 0,
      "41": 0,
      "42": 0,
      "43": 0,
      "44": 0,
      "45": 0,
      "46": 0,
      "47": 0,
      "48": 0,
      "49": 0,
      "50": 0,
      "51": 0,
      "52": 0,
      "53": 0,
      "54": 0,
      "55": 0,
      "56": 0,
      "57": 0,
      "58": 0,
      "59": 0,
      "60": 0,
      "61": 0,
      "62": 0,
      "63": 0,
      "64": 0,
      "65": 0,
      "66": 0,
      "67": 0,
      "68": 0,
      "69": 0,
      "70": 0,
      "71": 0
    },
    "branchMap": {
      "0": {
        "type": "branch",
        "line": 1,
        "loc": {
          "start": {
            "line": 1,
            "column": 0
          },
          "end": {
            "line": 72,
            "column": 2
          }
        },
        "locations": [
          {
            "start": {
              "line": 1,
              "column": 0
            },
            "end": {
              "line": 72,
              "column": 2
            }
          }
        ]
      }
    },
    "b": {
      "0": [
        0
      ]
    },
    "fnMap": {
      "0": {
        "name": "(empty-report)",
        "decl": {
          "start": {
            "line": 1,
            "column": 0
          },
          "end": {
            "line": 72,
            "column": 2
          }
        },
        "loc": {
          "start": {
            "line": 1,
            "column": 0
          },
          "end": {
            "line": 72,
            "column": 2
          }
        },
        "line": 1
      }
    },
    "f": {
      "0": 0
    }
  },
  "/Users/caseyjparker/test/js/import-export.mjs": {
    "path": "/Users/caseyjparker/test/js/import-export.mjs",
    "all": false,
    "statementMap": {
      "0": {
        "start": {
          "line": 1,
          "column": 0
        },
        "end": {
          "line": 1,
          "column": 13
        }
      },
      "1": {
        "start": {
          "line": 2,
          "column": 0
        },
        "end": {
          "line": 2,
          "column": 0
        }
      },
      "2": {
        "start": {
          "line": 3,
          "column": 0
        },
        "end": {
          "line": 3,
          "column": 33
        }
      },
      "3": {
        "start": {
          "line": 4,
          "column": 0
        },
        "end": {
          "line": 4,
          "column": 35
        }
      },
      "4": {
        "start": {
          "line": 5,
          "column": 0
        },
        "end": {
          "line": 5,
          "column": 20
        }
      },
      "5": {
        "start": {
          "line": 6,
          "column": 0
        },
        "end": {
          "line": 6,
          "column": 0
        }
      },
      "6": {
        "start": {
          "line": 7,
          "column": 0
        },
        "end": {
          "line": 7,
          "column": 54
        }
      },
      "7": {
        "start": {
          "line": 8,
          "column": 0
        },
        "end": {
          "line": 8,
          "column": 51
        }
      },
      "8": {
        "start": {
          "line": 9,
          "column": 0
        },
        "end": {
          "line": 9,
          "column": 0
        }
      },
      "9": {
        "start": {
          "line": 10,
          "column": 0
        },
        "end": {
          "line": 10,
          "column": 3
        }
      },
      "10": {
        "start": {
          "line": 11,
          "column": 0
        },
        "end": {
          "line": 11,
          "column": 39
        }
      },
      "11": {
        "start": {
          "line": 12,
          "column": 0
        },
        "end": {
          "line": 12,
          "column": 21
        }
      },
      "12": {
        "start": {
          "line": 13,
          "column": 0
        },
        "end": {
          "line": 13,
          "column": 11
        }
      },
      "13": {
        "start": {
          "line": 14,
          "column": 0
        },
        "end": {
          "line": 14,
          "column": 20
        }
      },
      "14": {
        "start": {
          "line": 15,
          "column": 0
        },
        "end": {
          "line": 15,
          "column": 3
        }
      },
      "15": {
        "start": {
          "line": 16,
          "column": 0
        },
        "end": {
          "line": 16,
          "column": 22
        }
      },
      "16": {
        "start": {
          "line": 17,
          "column": 0
        },
        "end": {
          "line": 17,
          "column": 1
        }
      },
      "17": {
        "start": {
          "line": 18,
          "column": 0
        },
        "end": {
          "line": 18,
          "column": 62
        }
      },
      "18": {
        "start": {
          "line": 19,
          "column": 0
        },
        "end": {
          "line": 19,
          "column": 22
        }
      },
      "19": {
        "start": {
          "line": 20,
          "column": 0
        },
        "end": {
          "line": 20,
          "column": 38
        }
      },
      "20": {
        "start": {
          "line": 21,
          "column": 0
        },
        "end": {
          "line": 21,
          "column": 5
        }
      },
      "21": {
        "start": {
          "line": 22,
          "column": 0
        },
        "end": {
          "line": 22,
          "column": 29
        }
      },
      "22": {
        "start": {
          "line": 23,
          "column": 0
        },
        "end": {
          "line": 23,
          "column": 31
        }
      },
      "23": {
        "start": {
          "line": 24,
          "column": 0
        },
        "end": {
          "line": 24,
          "column": 0
        }
      },
      "24": {
        "start": {
          "line": 25,
          "column": 0
        },
        "end": {
          "line": 25,
          "column": 50
        }
      },
      "25": {
        "start": {
          "line": 26,
          "column": 0
        },
        "end": {
          "line": 26,
          "column": 62
        }
      },
      "26": {
        "start": {
          "line": 27,
          "column": 0
        },
        "end": {
          "line": 27,
          "column": 61
        }
      },
      "27": {
        "start": {
          "line": 28,
          "column": 0
        },
        "end": {
          "line": 28,
          "column": 67
        }
      },
      "28": {
        "start": {
          "line": 29,
          "column": 0
        },
        "end": {
          "line": 29,
          "column": 80
        }
      },
      "29": {
        "start": {
          "line": 30,
          "column": 0
        },
        "end": {
          "line": 30,
          "column": 5
        }
      },
      "30": {
        "start": {
          "line": 31,
          "column": 0
        },
        "end": {
          "line": 31,
          "column": 18
        }
      },
      "31": {
        "start": {
          "line": 32,
          "column": 0
        },
        "end": {
          "line": 32,
          "column": 1
        }
      },
      "32": {
        "start": {
          "line": 33,
          "column": 0
        },
        "end": {
          "line": 33,
          "column": 0
        }
      },
      "33": {
        "start": {
          "line": 34,
          "column": 0
        },
        "end": {
          "line": 34,
          "column": 3
        }
      },
      "34": {
        "start": {
          "line": 35,
          "column": 0
        },
        "end": {
          "line": 35,
          "column": 69
        }
      },
      "35": {
        "start": {
          "line": 36,
          "column": 0
        },
        "end": {
          "line": 36,
          "column": 19
        }
      },
      "36": {
        "start": {
          "line": 37,
          "column": 0
        },
        "end": {
          "line": 37,
          "column": 11
        }
      },
      "37": {
        "start": {
          "line": 38,
          "column": 0
        },
        "end": {
          "line": 38,
          "column": 21
        }
      },
      "38": {
        "start": {
          "line": 39,
          "column": 0
        },
        "end": {
          "line": 39,
          "column": 12
        }
      },
      "39": {
        "start": {
          "line": 40,
          "column": 0
        },
        "end": {
          "line": 40,
          "column": 3
        }
      },
      "40": {
        "start": {
          "line": 41,
          "column": 0
        },
        "end": {
          "line": 41,
          "column": 28
        }
      },
      "41": {
        "start": {
          "line": 42,
          "column": 0
        },
        "end": {
          "line": 42,
          "column": 1
        }
      },
      "42": {
        "start": {
          "line": 43,
          "column": 0
        },
        "end": {
          "line": 43,
          "column": 64
        }
      },
      "43": {
        "start": {
          "line": 44,
          "column": 0
        },
        "end": {
          "line": 44,
          "column": 22
        }
      },
      "44": {
        "start": {
          "line": 45,
          "column": 0
        },
        "end": {
          "line": 45,
          "column": 39
        }
      },
      "45": {
        "start": {
          "line": 46,
          "column": 0
        },
        "end": {
          "line": 46,
          "column": 5
        }
      },
      "46": {
        "start": {
          "line": 47,
          "column": 0
        },
        "end": {
          "line": 47,
          "column": 30
        }
      },
      "47": {
        "start": {
          "line": 48,
          "column": 0
        },
        "end": {
          "line": 48,
          "column": 42
        }
      },
      "48": {
        "start": {
          "line": 49,
          "column": 0
        },
        "end": {
          "line": 49,
          "column": 40
        }
      },
      "49": {
        "start": {
          "line": 50,
          "column": 0
        },
        "end": {
          "line": 50,
          "column": 0
        }
      },
      "50": {
        "start": {
          "line": 51,
          "column": 0
        },
        "end": {
          "line": 51,
          "column": 67
        }
      },
      "51": {
        "start": {
          "line": 52,
          "column": 0
        },
        "end": {
          "line": 52,
          "column": 86
        }
      },
      "52": {
        "start": {
          "line": 53,
          "column": 0
        },
        "end": {
          "line": 53,
          "column": 5
        }
      },
      "53": {
        "start": {
          "line": 54,
          "column": 0
        },
        "end": {
          "line": 54,
          "column": 18
        }
      },
      "54": {
        "start": {
          "line": 55,
          "column": 0
        },
        "end": {
          "line": 55,
          "column": 1
        }
      },
      "55": {
        "start": {
          "line": 56,
          "column": 0
        },
        "end": {
          "line": 56,
          "column": 0
        }
      },
      "56": {
        "start": {
          "line": 57,
          "column": 0
        },
        "end": {
          "line": 57,
          "column": 18
        }
      },
      "57": {
        "start": {
          "line": 58,
          "column": 0
        },
        "end": {
          "line": 58,
          "column": 1
        }
      },
      "58": {
        "start": {
          "line": 59,
          "column": 0
        },
        "end": {
          "line": 59,
          "column": 41
        }
      },
      "59": {
        "start": {
          "line": 60,
          "column": 0
        },
        "end": {
          "line": 60,
          "column": 5
        }
      },
      "60": {
        "start": {
          "line": 61,
          "column": 0
        },
        "end": {
          "line": 61,
          "column": 40
        }
      },
      "61": {
        "start": {
          "line": 62,
          "column": 0
        },
        "end": {
          "line": 62,
          "column": 62
        }
      },
      "62": {
        "start": {
          "line": 63,
          "column": 0
        },
        "end": {
          "line": 63,
          "column": 11
        }
      },
      "63": {
        "start": {
          "line": 64,
          "column": 0
        },
        "end": {
          "line": 64,
          "column": 9
        }
      },
      "64": {
        "start": {
          "line": 65,
          "column": 0
        },
        "end": {
          "line": 65,
          "column": 88
        }
      },
      "65": {
        "start": {
          "line": 66,
          "column": 0
        },
        "end": {
          "line": 66,
          "column": 9
        }
      },
      "66": {
        "start": {
          "line": 67,
          "column": 0
        },
        "end": {
          "line": 67,
          "column": 13
        }
      },
      "67": {
        "start": {
          "line": 68,
          "column": 0
        },
        "end": {
          "line": 68,
          "column": 9
        }
      },
      "68": {
        "start": {
          "line": 69,
          "column": 0
        },
        "end": {
          "line": 69,
          "column": 25
        }
      },
      "69": {
        "start": {
          "line": 70,
          "column": 0
        },
        "end": {
          "line": 70,
          "column": 9
        }
      },
      "70": {
        "start": {
          "line": 71,
          "column": 0
        },
        "end": {
          "line": 71,
          "column": 20
        }
      },
      "71": {
        "start": {
          "line": 72,
          "column": 0
        },
        "end": {
          "line": 72,
          "column": 5
        }
      },
      "72": {
        "start": {
          "line": 73,
          "column": 0
        },
        "end": {
          "line": 73,
          "column": 0
        }
      },
      "73": {
        "start": {
          "line": 74,
          "column": 0
        },
        "end": {
          "line": 74,
          "column": 43
        }
      },
      "74": {
        "start": {
          "line": 75,
          "column": 0
        },
        "end": {
          "line": 75,
          "column": 5
        }
      },
      "75": {
        "start": {
          "line": 76,
          "column": 0
        },
        "end": {
          "line": 76,
          "column": 66
        }
      },
      "76": {
        "start": {
          "line": 77,
          "column": 0
        },
        "end": {
          "line": 77,
          "column": 68
        }
      },
      "77": {
        "start": {
          "line": 78,
          "column": 0
        },
        "end": {
          "line": 78,
          "column": 11
        }
      },
      "78": {
        "start": {
          "line": 79,
          "column": 0
        },
        "end": {
          "line": 79,
          "column": 9
        }
      },
      "79": {
        "start": {
          "line": 80,
          "column": 0
        },
        "end": {
          "line": 80,
          "column": 82
        }
      },
      "80": {
        "start": {
          "line": 81,
          "column": 0
        },
        "end": {
          "line": 81,
          "column": 34
        }
      },
      "81": {
        "start": {
          "line": 82,
          "column": 0
        },
        "end": {
          "line": 82,
          "column": 31
        }
      },
      "82": {
        "start": {
          "line": 83,
          "column": 0
        },
        "end": {
          "line": 83,
          "column": 37
        }
      },
      "83": {
        "start": {
          "line": 84,
          "column": 0
        },
        "end": {
          "line": 84,
          "column": 56
        }
      },
      "84": {
        "start": {
          "line": 85,
          "column": 0
        },
        "end": {
          "line": 85,
          "column": 13
        }
      },
      "85": {
        "start": {
          "line": 86,
          "column": 0
        },
        "end": {
          "line": 86,
          "column": 45
        }
      },
      "86": {
        "start": {
          "line": 87,
          "column": 0
        },
        "end": {
          "line": 87,
          "column": 43
        }
      },
      "87": {
        "start": {
          "line": 88,
          "column": 0
        },
        "end": {
          "line": 88,
          "column": 17
        }
      },
      "88": {
        "start": {
          "line": 89,
          "column": 0
        },
        "end": {
          "line": 89,
          "column": 39
        }
      },
      "89": {
        "start": {
          "line": 90,
          "column": 0
        },
        "end": {
          "line": 90,
          "column": 29
        }
      },
      "90": {
        "start": {
          "line": 91,
          "column": 0
        },
        "end": {
          "line": 91,
          "column": 17
        }
      },
      "91": {
        "start": {
          "line": 92,
          "column": 0
        },
        "end": {
          "line": 92,
          "column": 44
        }
      },
      "92": {
        "start": {
          "line": 93,
          "column": 0
        },
        "end": {
          "line": 93,
          "column": 17
        }
      },
      "93": {
        "start": {
          "line": 94,
          "column": 0
        },
        "end": {
          "line": 94,
          "column": 97
        }
      },
      "94": {
        "start": {
          "line": 95,
          "column": 0
        },
        "end": {
          "line": 95,
          "column": 17
        }
      },
      "95": {
        "start": {
          "line": 96,
          "column": 0
        },
        "end": {
          "line": 96,
          "column": 20
        }
      },
      "96": {
        "start": {
          "line": 97,
          "column": 0
        },
        "end": {
          "line": 97,
          "column": 17
        }
      },
      "97": {
        "start": {
          "line": 98,
          "column": 0
        },
        "end": {
          "line": 98,
          "column": 54
        }
      },
      "98": {
        "start": {
          "line": 99,
          "column": 0
        },
        "end": {
          "line": 99,
          "column": 69
        }
      },
      "99": {
        "start": {
          "line": 100,
          "column": 0
        },
        "end": {
          "line": 100,
          "column": 74
        }
      },
      "100": {
        "start": {
          "line": 101,
          "column": 0
        },
        "end": {
          "line": 101,
          "column": 75
        }
      },
      "101": {
        "start": {
          "line": 102,
          "column": 0
        },
        "end": {
          "line": 102,
          "column": 79
        }
      },
      "102": {
        "start": {
          "line": 103,
          "column": 0
        },
        "end": {
          "line": 103,
          "column": 59
        }
      },
      "103": {
        "start": {
          "line": 104,
          "column": 0
        },
        "end": {
          "line": 104,
          "column": 17
        }
      },
      "104": {
        "start": {
          "line": 105,
          "column": 0
        },
        "end": {
          "line": 105,
          "column": 13
        }
      },
      "105": {
        "start": {
          "line": 106,
          "column": 0
        },
        "end": {
          "line": 106,
          "column": 0
        }
      },
      "106": {
        "start": {
          "line": 107,
          "column": 0
        },
        "end": {
          "line": 107,
          "column": 39
        }
      },
      "107": {
        "start": {
          "line": 108,
          "column": 0
        },
        "end": {
          "line": 108,
          "column": 46
        }
      },
      "108": {
        "start": {
          "line": 109,
          "column": 0
        },
        "end": {
          "line": 109,
          "column": 0
        }
      },
      "109": {
        "start": {
          "line": 110,
          "column": 0
        },
        "end": {
          "line": 110,
          "column": 36
        }
      },
      "110": {
        "start": {
          "line": 111,
          "column": 0
        },
        "end": {
          "line": 111,
          "column": 13
        }
      },
      "111": {
        "start": {
          "line": 112,
          "column": 0
        },
        "end": {
          "line": 112,
          "column": 95
        }
      },
      "112": {
        "start": {
          "line": 113,
          "column": 0
        },
        "end": {
          "line": 113,
          "column": 13
        }
      },
      "113": {
        "start": {
          "line": 114,
          "column": 0
        },
        "end": {
          "line": 114,
          "column": 9
        }
      },
      "114": {
        "start": {
          "line": 115,
          "column": 0
        },
        "end": {
          "line": 115,
          "column": 13
        }
      },
      "115": {
        "start": {
          "line": 116,
          "column": 0
        },
        "end": {
          "line": 116,
          "column": 9
        }
      },
      "116": {
        "start": {
          "line": 117,
          "column": 0
        },
        "end": {
          "line": 117,
          "column": 62
        }
      },
      "117": {
        "start": {
          "line": 118,
          "column": 0
        },
        "end": {
          "line": 118,
          "column": 9
        }
      },
      "118": {
        "start": {
          "line": 119,
          "column": 0
        },
        "end": {
          "line": 119,
          "column": 32
        }
      },
      "119": {
        "start": {
          "line": 120,
          "column": 0
        },
        "end": {
          "line": 120,
          "column": 5
        }
      },
      "120": {
        "start": {
          "line": 121,
          "column": 0
        },
        "end": {
          "line": 121,
          "column": 1
        }
      },
      "121": {
        "start": {
          "line": 122,
          "column": 0
        },
        "end": {
          "line": 122,
          "column": 0
        }
      },
      "122": {
        "start": {
          "line": 123,
          "column": 0
        },
        "end": {
          "line": 123,
          "column": 28
        }
      }
    },
    "s": {
      "0": 6,
      "1": 6,
      "2": 6,
      "3": 6,
      "4": 6,
      "5": 6,
      "6": 6,
      "7": 6,
      "8": 6,
      "9": 6,
      "10": 6,
      "11": 6,
      "12": 6,
      "13": 6,
      "14": 6,
      "15": 0,
      "16": 0,
      "17": 0,
      "18": 0,
      "19": 0,
      "20": 0,
      "21": 0,
      "22": 0,
      "23": 0,
      "24": 0,
      "25": 0,
      "26": 0,
      "27": 0,
      "28": 0,
      "29": 0,
      "30": 0,
      "31": 0,
      "32": 6,
      "33": 6,
      "34": 6,
      "35": 6,
      "36": 6,
      "37": 6,
      "38": 6,
      "39": 6,
      "40": 0,
      "41": 0,
      "42": 0,
      "43": 0,
      "44": 0,
      "45": 0,
      "46": 0,
      "47": 0,
      "48": 0,
      "49": 0,
      "50": 0,
      "51": 0,
      "52": 0,
      "53": 0,
      "54": 0,
      "55": 6,
      "56": 6,
      "57": 6,
      "58": 6,
      "59": 0,
      "60": 0,
      "61": 0,
      "62": 0,
      "63": 0,
      "64": 0,
      "65": 0,
      "66": 0,
      "67": 0,
      "68": 0,
      "69": 0,
      "70": 0,
      "71": 0,
      "72": 6,
      "73": 6,
      "74": 0,
      "75": 0,
      "76": 0,
      "77": 0,
      "78": 0,
      "79": 0,
      "80": 0,
      "81": 0,
      "82": 0,
      "83": 0,
      "84": 0,
      "85": 0,
      "86": 0,
      "87": 0,
      "88": 0,
      "89": 0,
      "90": 0,
      "91": 0,
      "92": 0,
      "93": 0,
      "94": 0,
      "95": 0,
      "96": 0,
      "97": 0,
      "98": 0,
      "99": 0,
      "100": 0,
      "101": 0,
      "102": 0,
      "103": 0,
      "104": 0,
      "105": 0,
      "106": 0,
      "107": 0,
      "108": 0,
      "109": 0,
      "110": 0,
      "111": 0,
      "112": 0,
      "113": 0,
      "114": 0,
      "115": 0,
      "116": 0,
      "117": 0,
      "118": 0,
      "119": 0,
      "120": 6,
      "121": 6,
      "122": 6
    },
    "branchMap": {
      "0": {
        "type": "branch",
        "line": 1,
        "loc": {
          "start": {
            "line": 1,
            "column": 0
          },
          "end": {
            "line": 123,
            "column": 28
          }
        },
        "locations": [
          {
            "start": {
              "line": 1,
              "column": 0
            },
            "end": {
              "line": 123,
              "column": 28
            }
          }
        ]
      }
    },
    "b": {
      "0": [
        6
      ]
    },
    "fnMap": {
      "0": {
        "name": "_getEntries",
        "decl": {
          "start": {
            "line": 16,
            "column": 0
          },
          "end": {
            "line": 32,
            "column": 1
          }
        },
        "loc": {
          "start": {
            "line": 16,
            "column": 0
          },
          "end": {
            "line": 32,
            "column": 1
          }
        },
        "line": 16
      },
      "1": {
        "name": "_getWaivedEntries",
        "decl": {
          "start": {
            "line": 41,
            "column": 0
          },
          "end": {
            "line": 55,
            "column": 1
          }
        },
        "loc": {
          "start": {
            "line": 41,
            "column": 0
          },
          "end": {
            "line": 55,
            "column": 1
          }
        },
        "line": 41
      },
      "2": {
        "name": "exportDatabaseToFile",
        "decl": {
          "start": {
            "line": 59,
            "column": 11
          },
          "end": {
            "line": 72,
            "column": 5
          }
        },
        "loc": {
          "start": {
            "line": 59,
            "column": 11
          },
          "end": {
            "line": 72,
            "column": 5
          }
        },
        "line": 59
      },
      "3": {
        "name": "importDatabaseFromFile",
        "decl": {
          "start": {
            "line": 74,
            "column": 11
          },
          "end": {
            "line": 120,
            "column": 5
          }
        },
        "loc": {
          "start": {
            "line": 74,
            "column": 11
          },
          "end": {
            "line": 120,
            "column": 5
          }
        },
        "line": 74
      }
    },
    "f": {
      "0": 0,
      "1": 0,
      "2": 0,
      "3": 0
    }
  },
  "/Users/caseyjparker/test/js/ipc-constants.mjs": {
    "path": "/Users/caseyjparker/test/js/ipc-constants.mjs",
    "all": false,
    "statementMap": {
      "0": {
        "start": {
          "line": 1,
          "column": 0
        },
        "end": {
          "line": 1,
          "column": 13
        }
      },
      "1": {
        "start": {
          "line": 2,
          "column": 0
        },
        "end": {
          "line": 2,
          "column": 0
        }
      },
      "2": {
        "start": {
          "line": 3,
          "column": 0
        },
        "end": {
          "line": 3,
          "column": 35
        }
      },
      "3": {
        "start": {
          "line": 4,
          "column": 0
        },
        "end": {
          "line": 4,
          "column": 5
        }
      },
      "4": {
        "start": {
          "line": 5,
          "column": 0
        },
        "end": {
          "line": 5,
          "column": 42
        }
      },
      "5": {
        "start": {
          "line": 6,
          "column": 0
        },
        "end": {
          "line": 6,
          "column": 69
        }
      },
      "6": {
        "start": {
          "line": 7,
          "column": 0
        },
        "end": {
          "line": 7,
          "column": 45
        }
      },
      "7": {
        "start": {
          "line": 8,
          "column": 0
        },
        "end": {
          "line": 8,
          "column": 38
        }
      },
      "8": {
        "start": {
          "line": 9,
          "column": 0
        },
        "end": {
          "line": 9,
          "column": 38
        }
      },
      "9": {
        "start": {
          "line": 10,
          "column": 0
        },
        "end": {
          "line": 10,
          "column": 36
        }
      },
      "10": {
        "start": {
          "line": 11,
          "column": 0
        },
        "end": {
          "line": 11,
          "column": 45
        }
      },
      "11": {
        "start": {
          "line": 12,
          "column": 0
        },
        "end": {
          "line": 12,
          "column": 35
        }
      },
      "12": {
        "start": {
          "line": 13,
          "column": 0
        },
        "end": {
          "line": 13,
          "column": 34
        }
      },
      "13": {
        "start": {
          "line": 14,
          "column": 0
        },
        "end": {
          "line": 14,
          "column": 32
        }
      },
      "14": {
        "start": {
          "line": 15,
          "column": 0
        },
        "end": {
          "line": 15,
          "column": 47
        }
      },
      "15": {
        "start": {
          "line": 16,
          "column": 0
        },
        "end": {
          "line": 16,
          "column": 39
        }
      },
      "16": {
        "start": {
          "line": 17,
          "column": 0
        },
        "end": {
          "line": 17,
          "column": 60
        }
      },
      "17": {
        "start": {
          "line": 18,
          "column": 0
        },
        "end": {
          "line": 18,
          "column": 32
        }
      },
      "18": {
        "start": {
          "line": 19,
          "column": 0
        },
        "end": {
          "line": 19,
          "column": 64
        }
      },
      "19": {
        "start": {
          "line": 20,
          "column": 0
        },
        "end": {
          "line": 20,
          "column": 46
        }
      },
      "20": {
        "start": {
          "line": 21,
          "column": 0
        },
        "end": {
          "line": 21,
          "column": 32
        }
      },
      "21": {
        "start": {
          "line": 22,
          "column": 0
        },
        "end": {
          "line": 22,
          "column": 43
        }
      },
      "22": {
        "start": {
          "line": 23,
          "column": 0
        },
        "end": {
          "line": 23,
          "column": 52
        }
      },
      "23": {
        "start": {
          "line": 24,
          "column": 0
        },
        "end": {
          "line": 24,
          "column": 42
        }
      },
      "24": {
        "start": {
          "line": 25,
          "column": 0
        },
        "end": {
          "line": 25,
          "column": 36
        }
      },
      "25": {
        "start": {
          "line": 26,
          "column": 0
        },
        "end": {
          "line": 26,
          "column": 39
        }
      },
      "26": {
        "start": {
          "line": 27,
          "column": 0
        },
        "end": {
          "line": 27,
          "column": 32
        }
      },
      "27": {
        "start": {
          "line": 28,
          "column": 0
        },
        "end": {
          "line": 28,
          "column": 39
        }
      },
      "28": {
        "start": {
          "line": 29,
          "column": 0
        },
        "end": {
          "line": 29,
          "column": 43
        }
      },
      "29": {
        "start": {
          "line": 30,
          "column": 0
        },
        "end": {
          "line": 30,
          "column": 34
        }
      },
      "30": {
        "start": {
          "line": 31,
          "column": 0
        },
        "end": {
          "line": 31,
          "column": 34
        }
      },
      "31": {
        "start": {
          "line": 32,
          "column": 0
        },
        "end": {
          "line": 32,
          "column": 56
        }
      },
      "32": {
        "start": {
          "line": 33,
          "column": 0
        },
        "end": {
          "line": 33,
          "column": 54
        }
      },
      "33": {
        "start": {
          "line": 34,
          "column": 0
        },
        "end": {
          "line": 34,
          "column": 36
        }
      },
      "34": {
        "start": {
          "line": 35,
          "column": 0
        },
        "end": {
          "line": 35,
          "column": 50
        }
      },
      "35": {
        "start": {
          "line": 36,
          "column": 0
        },
        "end": {
          "line": 36,
          "column": 7
        }
      },
      "36": {
        "start": {
          "line": 37,
          "column": 0
        },
        "end": {
          "line": 37,
          "column": 0
        }
      },
      "37": {
        "start": {
          "line": 38,
          "column": 0
        },
        "end": {
          "line": 38,
          "column": 28
        }
      }
    },
    "s": {
      "0": 6,
      "1": 6,
      "2": 6,
      "3": 6,
      "4": 6,
      "5": 6,
      "6": 6,
      "7": 6,
      "8": 6,
      "9": 6,
      "10": 6,
      "11": 6,
      "12": 6,
      "13": 6,
      "14": 6,
      "15": 6,
      "16": 6,
      "17": 6,
      "18": 6,
      "19": 6,
      "20": 6,
      "21": 6,
      "22": 6,
      "23": 6,
      "24": 6,
      "25": 6,
      "26": 6,
      "27": 6,
      "28": 6,
      "29": 6,
      "30": 6,
      "31": 6,
      "32": 6,
      "33": 6,
      "34": 6,
      "35": 6,
      "36": 6,
      "37": 6
    },
    "branchMap": {
      "0": {
        "type": "branch",
        "line": 1,
        "loc": {
          "start": {
            "line": 1,
[...]
          "column": 7
        }
      },
      "469": {
        "start": {
          "line": 470,
          "column": 0
        },
        "end": {
          "line": 470,
          "column": 0
        }
      },
      "470": {
        "start": {
          "line": 471,
          "column": 0
        },
        "end": {
          "line": 471,
          "column": 40
        }
      },
      "471": {
        "start": {
          "line": 472,
          "column": 0
        },
        "end": {
          "line": 472,
          "column": 5
        }
      },
      "472": {
        "start": {
          "line": 473,
          "column": 0
        },
        "end": {
          "line": 473,
          "column": 20
        }
      },
      "473": {
        "start": {
          "line": 474,
          "column": 0
        },
        "end": {
          "line": 474,
          "column": 7
        }
      },
      "474": {
        "start": {
          "line": 475,
          "column": 0
        },
        "end": {
          "line": 475,
          "column": 0
        }
      },
      "475": {
        "start": {
          "line": 476,
          "column": 0
        },
        "end": {
          "line": 476,
          "column": 47
        }
      },
      "476": {
        "start": {
          "line": 477,
          "column": 0
        },
        "end": {
          "line": 477,
          "column": 5
        }
      },
      "477": {
        "start": {
          "line": 478,
          "column": 0
        },
        "end": {
          "line": 478,
          "column": 36
        }
      },
      "478": {
        "start": {
          "line": 479,
          "column": 0
        },
        "end": {
          "line": 479,
          "column": 7
        }
      },
      "479": {
        "start": {
          "line": 480,
          "column": 0
        },
        "end": {
          "line": 480,
          "column": 0
        }
      },
      "480": {
        "start": {
          "line": 481,
          "column": 0
        },
        "end": {
          "line": 481,
          "column": 34
        }
      },
      "481": {
        "start": {
          "line": 482,
          "column": 0
        },
        "end": {
          "line": 482,
          "column": 47
        }
      },
      "482": {
        "start": {
          "line": 483,
          "column": 0
        },
        "end": {
          "line": 483,
          "column": 5
        }
      },
      "483": {
        "start": {
          "line": 484,
          "column": 0
        },
        "end": {
          "line": 484,
          "column": 28
        }
      },
      "484": {
        "start": {
          "line": 485,
          "column": 0
        },
        "end": {
          "line": 485,
          "column": 27
        }
      },
      "485": {
        "start": {
          "line": 486,
          "column": 0
        },
        "end": {
          "line": 486,
          "column": 61
        }
      },
      "486": {
        "start": {
          "line": 487,
          "column": 0
        },
        "end": {
          "line": 487,
          "column": 28
        }
      },
      "487": {
        "start": {
          "line": 488,
          "column": 0
        },
        "end": {
          "line": 488,
          "column": 7
        }
      },
      "488": {
        "start": {
          "line": 489,
          "column": 0
        },
        "end": {
          "line": 489,
          "column": 45
        }
      },
      "489": {
        "start": {
          "line": 490,
          "column": 0
        },
        "end": {
          "line": 490,
          "column": 5
        }
      },
      "490": {
        "start": {
          "line": 491,
          "column": 0
        },
        "end": {
          "line": 491,
          "column": 27
        }
      },
      "491": {
        "start": {
          "line": 492,
          "column": 0
        },
        "end": {
          "line": 492,
          "column": 99
        }
      },
      "492": {
        "start": {
          "line": 493,
          "column": 0
        },
        "end": {
          "line": 493,
          "column": 28
        }
      },
      "493": {
        "start": {
          "line": 494,
          "column": 0
        },
        "end": {
          "line": 494,
          "column": 7
        }
      },
      "494": {
        "start": {
          "line": 495,
          "column": 0
        },
        "end": {
          "line": 495,
          "column": 38
        }
      },
      "495": {
        "start": {
          "line": 496,
          "column": 0
        },
        "end": {
          "line": 496,
          "column": 5
        }
      },
      "496": {
        "start": {
          "line": 497,
          "column": 0
        },
        "end": {
          "line": 497,
          "column": 28
        }
      },
      "497": {
        "start": {
          "line": 498,
          "column": 0
        },
        "end": {
          "line": 498,
          "column": 7
        }
      },
      "498": {
        "start": {
          "line": 499,
          "column": 0
        },
        "end": {
          "line": 499,
          "column": 38
        }
      },
      "499": {
        "start": {
          "line": 500,
          "column": 0
        },
        "end": {
          "line": 500,
          "column": 5
        }
      },
      "500": {
        "start": {
          "line": 501,
          "column": 0
        },
        "end": {
          "line": 501,
          "column": 56
        }
      },
      "501": {
        "start": {
          "line": 502,
          "column": 0
        },
        "end": {
          "line": 502,
          "column": 23
        }
      },
      "502": {
        "start": {
          "line": 503,
          "column": 0
        },
        "end": {
          "line": 503,
          "column": 9
        }
      },
      "503": {
        "start": {
          "line": 504,
          "column": 0
        },
        "end": {
          "line": 504,
          "column": 32
        }
      },
      "504": {
        "start": {
          "line": 505,
          "column": 0
        },
        "end": {
          "line": 505,
          "column": 9
        }
      },
      "505": {
        "start": {
          "line": 506,
          "column": 0
        },
        "end": {
          "line": 506,
          "column": 7
        }
      },
      "506": {
        "start": {
          "line": 507,
          "column": 0
        },
        "end": {
          "line": 507,
          "column": 0
        }
      },
      "507": {
        "start": {
          "line": 508,
          "column": 0
        },
        "end": {
          "line": 508,
          "column": 92
        }
      },
      "508": {
        "start": {
          "line": 509,
          "column": 0
        },
        "end": {
          "line": 509,
          "column": 3
        }
      },
      "509": {
        "start": {
          "line": 510,
          "column": 0
        },
        "end": {
          "line": 510,
          "column": 0
        }
      },
      "510": {
        "start": {
          "line": 511,
          "column": 0
        },
        "end": {
          "line": 511,
          "column": 8
        }
      },
      "511": {
        "start": {
          "line": 512,
          "column": 0
        },
        "end": {
          "line": 512,
          "column": 21
        }
      },
      "512": {
        "start": {
          "line": 513,
          "column": 0
        },
        "end": {
          "line": 513,
          "column": 14
        }
      },
      "513": {
        "start": {
          "line": 514,
          "column": 0
        },
        "end": {
          "line": 514,
          "column": 22
        }
      },
      "514": {
        "start": {
          "line": 515,
          "column": 0
        },
        "end": {
          "line": 515,
          "column": 15
        }
      },
      "515": {
        "start": {
          "line": 516,
          "column": 0
        },
        "end": {
          "line": 516,
          "column": 20
        }
      },
      "516": {
        "start": {
          "line": 517,
          "column": 0
        },
        "end": {
          "line": 517,
          "column": 23
        }
      },
      "517": {
        "start": {
          "line": 518,
          "column": 0
        },
        "end": {
          "line": 518,
          "column": 16
        }
      },
      "518": {
        "start": {
          "line": 519,
          "column": 0
        },
        "end": {
          "line": 519,
          "column": 26
        }
      },
      "519": {
        "start": {
          "line": 520,
          "column": 0
        },
        "end": {
          "line": 520,
          "column": 22
        }
      },
      "520": {
        "start": {
          "line": 521,
          "column": 0
        },
        "end": {
          "line": 521,
          "column": 22
        }
      },
      "521": {
        "start": {
          "line": 522,
          "column": 0
        },
        "end": {
          "line": 522,
          "column": 17
        }
      },
      "522": {
        "start": {
          "line": 523,
          "column": 0
        },
        "end": {
          "line": 523,
          "column": 20
        }
      },
      "523": {
        "start": {
          "line": 524,
          "column": 0
        },
        "end": {
          "line": 524,
          "column": 17
        }
      },
      "524": {
        "start": {
          "line": 525,
          "column": 0
        },
        "end": {
          "line": 525,
          "column": 18
        }
      },
      "525": {
        "start": {
          "line": 526,
          "column": 0
        },
        "end": {
          "line": 526,
          "column": 17
        }
      },
      "526": {
        "start": {
          "line": 527,
          "column": 0
        },
        "end": {
          "line": 527,
          "column": 13
        }
      },
      "527": {
        "start": {
          "line": 528,
          "column": 0
        },
        "end": {
          "line": 528,
          "column": 13
        }
      },
      "528": {
        "start": {
          "line": 529,
          "column": 0
        },
        "end": {
          "line": 529,
          "column": 20
        }
      },
      "529": {
        "start": {
          "line": 530,
          "column": 0
        },
        "end": {
          "line": 530,
          "column": 2
        }
      }
    },
    "s": {
      "0": 0,
      "1": 0,
      "2": 0,
      "3": 0,
      "4": 0,
      "5": 0,
      "6": 0,
      "7": 0,
      "8": 0,
      "9": 0,
      "10": 0,
      "11": 0,
      "12": 0,
      "13": 0,
      "14": 0,
      "15": 0,
      "16": 0,
      "17": 0,
      "18": 0,
      "19": 0,
      "20": 0,
      "21": 0,
      "22": 0,
      "23": 0,
      "24": 0,
      "25": 0,
      "26": 0,
      "27": 0,
      "28": 0,
      "29": 0,
      "30": 0,
      "31": 0,
      "32": 0,
      "33": 0,
      "34": 0,
      "35": 0,
      "36": 0,
      "37": 0,
      "38": 0,
      "39": 0,
      "40": 0,
      "41": 0,
      "42": 0,
      "43": 0,
      "44": 0,
      "45": 0,
      "46": 0,
      "47": 0,
      "48": 0,
      "49": 0,
      "50": 0,
      "51": 0,
      "52": 0,
      "53": 0,
      "54": 0,
      "55": 0,
      "56": 0,
      "57": 0,
      "58": 0,
      "59": 0,
      "60": 0,
      "61": 0,
      "62": 0,
      "63": 0,
      "64": 0,
      "65": 0,
      "66": 0,
      "67": 0,
      "68": 0,
      "69": 0,
      "70": 0,
      "71": 0,
      "72": 0,
      "73": 0,
      "74": 0,
      "75": 0,
      "76": 0,
      "77": 0,
      "78": 0,
      "79": 0,
      "80": 0,
      "81": 0,
      "82": 0,
      "83": 0,
      "84": 0,
      "85": 0,
      "86": 0,
      "87": 0,
      "88": 0,
      "89": 0,
      "90": 0,
      "91": 0,
      "92": 0,
      "93": 0,
      "94": 0,
      "95": 0,
      "96": 0,
      "97": 0,
      "98": 0,
      "99": 0,
      "100": 0,
      "101": 0,
      "102": 0,
      "103": 0,
      "104": 0,
      "105": 0,
      "106": 0,
      "107": 0,
      "108": 0,
      "109": 0,
      "110": 0,
      "111": 0,
      "112": 0,
      "113": 0,
      "114": 0,
      "115": 0,
      "116": 0,
      "117": 0,
      "118": 0,
      "119": 0,
      "120": 0,
      "121": 0,
      "122": 0,
      "123": 0,
      "124": 0,
      "125": 0,
      "126": 0,
      "127": 0,
      "128": 0,
      "129": 0,
      "130": 0,
      "131": 0,
      "132": 0,
      "133": 0,
      "134": 0,
      "135": 0,
      "136": 0,
      "137": 0,
      "138": 0,
      "139": 0,
      "140": 0,
      "141": 0,
      "142": 0,
      "143": 0,
      "144": 0,
      "145": 0,
      "146": 0,
      "147": 0,
      "148": 0,
      "149": 0,
      "150": 0,
      "151": 0,
      "152": 0,
      "153": 0,
      "154": 0,
      "155": 0,
      "156": 0,
      "157": 0,
      "158": 0,
      "159": 0,
      "160": 0,
      "161": 0,
      "162": 0,
      "163": 0,
      "164": 0,
      "165": 0,
      "166": 0,
      "167": 0,
      "168": 0,
      "169": 0,
      "170": 0,
      "171": 0,
      "172": 0,
      "173": 0,
      "174": 0,
      "175": 0,
      "176": 0,
      "177": 0,
      "178": 0,
      "179": 0,
      "180": 0,
      "181": 0,
      "182": 0,
      "183": 0,
      "184": 0,
      "185": 0,
      "186": 0,
      "187": 0,
      "188": 0,
      "189": 0,
      "190": 0,
      "191": 0,
      "192": 0,
      "193": 0,
      "194": 0,
      "195": 0,
      "196": 0,
      "197": 0,
      "198": 0,
      "199": 0,
      "200": 0,
      "201": 0,
      "202": 0,
      "203": 0,
      "204": 0,
      "205": 0,
      "206": 0,
      "207": 0,
      "208": 0,
      "209": 0,
      "210": 0,
      "211": 0,
      "212": 0,
      "213": 0,
      "214": 0,
      "215": 0,
      "216": 0,
      "217": 0,
      "218": 0,
      "219": 0,
      "220": 0,
      "221": 0,
      "222": 0,
      "223": 0,
      "224": 0,
      "225": 0,
      "226": 0,
      "227": 0,
      "228": 0,
      "229": 0,
      "230": 0,
      "231": 0,
      "232": 0,
      "233": 0,
      "234": 0,
      "235": 0,
      "236": 0,
      "237": 0,
      "238": 0,
      "239": 0,
      "240": 0,
      "241": 0,
      "242": 0,
      "243": 0,
      "244": 0,
      "245": 0,
      "246": 0,
      "247": 0,
      "248": 0,
      "249": 0,
      "250": 0,
      "251": 0,
      "252": 0,
      "253": 0,
      "254": 0,
      "255": 0,
      "256": 0,
      "257": 0,
      "258": 0,
      "259": 0,
      "260": 0,
      "261": 0,
      "262": 0,
      "263": 0,
      "264": 0,
      "265": 0,
      "266": 0,
      "267": 0,
      "268": 0,
      "269": 0,
      "270": 0,
      "271": 0,
      "272": 0,
      "273": 0,
      "274": 0,
      "275": 0,
      "276": 0,
      "277": 0,
      "278": 0,
      "279": 0,
      "280": 0,
      "281": 0,
      "282": 0,
      "283": 0,
      "284": 0,
      "285": 0,
      "286": 0,
      "287": 0,
      "288": 0,
      "289": 0,
      "290": 0,
      "291": 0,
      "292": 0,
      "293": 0,
      "294": 0,
      "295": 0,
      "296": 0,
      "297": 0,
      "298": 0,
      "299": 0,
      "300": 0,
      "301": 0,
      "302": 0,
      "303": 0,
      "304": 0,
      "305": 0,
      "306": 0,
      "307": 0,
      "308": 0,
      "309": 0,
      "310": 0,
      "311": 0,
      "312": 0,
      "313": 0,
      "314": 0,
      "315": 0,
      "316": 0,
      "317": 0,
      "318": 0,
      "319": 0,
      "320": 0,
      "321": 0,
      "322": 0,
      "323": 0,
      "324": 0,
      "325": 0,
      "326": 0,
      "327": 0,
      "328": 0,
      "329": 0,
      "330": 0,
      "331": 0,
      "332": 0,
      "333": 0,
      "334": 0,
      "335": 0,
      "336": 0,
      "337": 0,
      "338": 0,
      "339": 0,
      "340": 0,
      "341": 0,
      "342": 0,
      "343": 0,
      "344": 0,
      "345": 0,
      "346": 0,
      "347": 0,
      "348": 0,
      "349": 0,
      "350": 0,
      "351": 0,
      "352": 0,
      "353": 0,
      "354": 0,
      "355": 0,
      "356": 0,
      "357": 0,
      "358": 0,
      "359": 0,
      "360": 0,
      "361": 0,
      "362": 0,
      "363": 0,
      "364": 0,
      "365": 0,
      "366": 0,
      "367": 0,
      "368": 0,
      "369": 0,
      "370": 0,
      "371": 0,
      "372": 0,
      "373": 0,
      "374": 0,
      "375": 0,
      "376": 0,
      "377": 0,
      "378": 0,
      "379": 0,
      "380": 0,
      "381": 0,
      "382": 0,
      "383": 0,
      "384": 0,
      "385": 0,
      "386": 0,
      "387": 0,
      "388": 0,
      "389": 0,
      "390": 0,
      "391": 0,
      "392": 0,
      "393": 0,
      "394": 0,
      "395": 0,
      "396": 0,
      "397": 0,
      "398": 0,
      "399": 0,
      "400": 0,
      "401": 0,
      "402": 0,
      "403": 0,
      "404": 0,
      "405": 0,
      "406": 0,
      "407": 0,
      "408": 0,
      "409": 0,
      "410": 0,
      "411": 0,
      "412": 0,
      "413": 0,
      "414": 0,
      "415": 0,
      "416": 0,
      "417": 0,
      "418": 0,
      "419": 0,
      "420": 0,
      "421": 0,
      "422": 0,
      "423": 0,
      "424": 0,
      "425": 0,
      "426": 0,
      "427": 0,
      "428": 0,
      "429": 0,
      "430": 0,
      "431": 0,
      "432": 0,
      "433": 0,
      "434": 0,
      "435": 0,
      "436": 0,
      "437": 0,
      "438": 0,
      "439": 0,
      "440": 0,
      "441": 0,
      "442": 0,
      "443": 0,
      "444": 0,
      "445": 0,
      "446": 0,
      "447": 0,
      "448": 0,
      "449": 0,
      "450": 0,
      "451": 0,
      "452": 0,
      "453": 0,
      "454": 0,
      "455": 0,
      "456": 0,
      "457": 0,
      "458": 0,
      "459": 0,
      "460": 0,
      "461": 0,
      "462": 0,
      "463": 0,
      "464": 0,
      "465": 0,
      "466": 0,
      "467": 0,
      "468": 0,
      "469": 0,
      "470": 0,
      "471": 0,
      "472": 0,
      "473": 0,
      "474": 0,
      "475": 0,
      "476": 0,
      "477": 0,
      "478": 0,
      "479": 0,
      "480": 0,
      "481": 0,
      "482": 0,
      "483": 0,
      "484": 0,
      "485": 0,
      "486": 0,
      "487": 0,
      "488": 0,
      "489": 0,
      "490": 0,
      "491": 0,
      "492": 0,
      "493": 0,
      "494": 0,
      "495": 0,
      "496": 0,
      "497": 0,
      "498": 0,
      "499": 0,
      "500": 0,
      "501": 0,
      "502": 0,
      "503": 0,
      "504": 0,
      "505": 0,
      "506": 0,
      "507": 0,
      "508": 0,
      "509": 0,
      "510": 0,
      "511": 0,
      "512": 0,
      "513": 0,
      "514": 0,
      "515": 0,
      "516": 0,
      "517": 0,
      "518": 0,
      "519": 0,
      "520": 0,
      "521": 0,
      "522": 0,
      "523": 0,
      "524": 0,
      "525": 0,
      "526": 0,
      "527": 0,
      "528": 0,
      "529": 0
    },
    "branchMap": {
      "0": {
        "type": "branch",
        "line": 1,
        "loc": {
          "start": {
            "line": 1,
            "column": 0
          },
          "end": {
            "line": 530,
            "column": 2
          }
        },
        "locations": [
          {
            "start": {
              "line": 1,
              "column": 0
            },
            "end": {
              "line": 530,
              "column": 2
            }
          }
        ]
      }
    },
    "b": {
      "0": [
        0
      ]
    },
    "fnMap": {
      "0": {
        "name": "(empty-report)",
        "decl": {
          "start": {
            "line": 1,
            "column": 0
          },
          "end": {
            "line": 530,
            "column": 2
          }
        },
        "loc": {
          "start": {
            "line": 1,
            "column": 0
          },
          "end": {
            "line": 530,
            "column": 2
          }
        },
        "line": 1
      }
    },
    "f": {
      "0": 0
    }
  }
}