TN:
SF:js/app-config.cjs
FN:22,getDetails
FNF:1
FNH:0
FNDA:0,getDetails
DA:3,7
DA:4,7
DA:5,7
DA:7,7
DA:8,7
DA:10,7
DA:14,7
DA:24,7
DA:25,7
DA:26,7
DA:27,7
DA:28,7
DA:29,7
DA:32,7
LF:14
LH:14
BRDA:10,0,0,7
BRDA:10,0,1,1
BRDA:18,1,0,0
BRDA:18,1,1,1
BRDA:19,2,0,0
BRDA:19,2,1,1
BRF:7
BRH:4
end_of_record
TN:
SF:js/app-config.mjs
FNF:0
FNH:0
DA:1,7
DA:2,7
DA:3,7
DA:4,7
DA:5,7
DA:6,7
DA:7,7
DA:8,7
DA:9,7
DA:10,7
DA:11,7
DA:12,7
DA:13,7
DA:14,7
DA:15,7
LF:15
LH:15
BRDA:1,0,0,7
BRF:1
BRH:1
end_of_record
TN:
SF:js/date-aux.mjs
FN:6,getDateStr
FN:21,getMonthLength
FN:30,getCurrentDateTimeStr
FNF:3
FNH:1
FNDA:6,getDateStr
FNDA:0,getMonthLength
FNDA:0,getCurrentDateTimeStr
DA:1,6
DA:2,6
DA:3,6
DA:4,6
DA:5,6
DA:6,6
DA:7,6
DA:8,6
DA:9,6
DA:10,6
DA:11,6
DA:12,6
DA:13,0
DA:14,0
DA:15,0
DA:16,6
DA:17,6
DA:18,6
DA:19,6
DA:20,6
DA:21,0
DA:22,0
DA:23,0
DA:24,0
DA:25,0
DA:26,6
DA:27,6
DA:28,6
DA:29,6
DA:30,0
DA:31,0
DA:32,0
DA:33,0
DA:34,0
DA:35,0
DA:36,0
DA:37,0
DA:38,0
DA:39,0
DA:40,0
DA:41,0
DA:42,0
DA:43,0
DA:44,6
DA:45,6
DA:46,6
DA:47,6
DA:48,6
DA:49,6
LF:49
LH:27
BRDA:1,0,0,6
BRDA:6,1,0,6
BRDA:12,2,0,0
BRF:3
BRH:2
end_of_record
TN:
SF:js/date-db-formatter.mjs
FN:10,generateKey
FNF:1
FNH:0
FNDA:0,generateKey
DA:1,6
DA:2,6
DA:3,6
DA:4,6
DA:5,6
DA:6,6
DA:7,6
DA:8,6
DA:9,6
DA:10,0
DA:11,0
DA:12,0
DA:13,0
DA:14,6
DA:15,6
DA:16,6
DA:17,6
LF:17
LH:13
BRDA:1,0,0,6
BRF:1
BRH:1
end_of_record
TN:
SF:js/date-to-string-util.mjs
FN:1,(empty-report)
FNF:1
FNH:0
FNDA:0,(empty-report)
DA:1,0
DA:2,0
DA:3,0
DA:4,0
DA:5,0
DA:6,0
DA:7,0
DA:8,0
DA:9,0
DA:10,0
DA:11,0
DA:12,0
DA:13,0
DA:14,0
DA:15,0
DA:16,0
DA:17,0
DA:18,0
DA:19,0
DA:20,0
DA:21,0
DA:22,0
DA:23,0
DA:24,0
DA:25,0
DA:26,0
DA:27,0
DA:28,0
DA:29,0
DA:30,0
DA:31,0
DA:32,0
LF:32
LH:0
BRDA:1,0,0,0
BRF:1
BRH:0
end_of_record
TN:
SF:js/demo-generator.mjs
FN:1,(empty-report)
FNF:1
FNH:0
FNDA:0,(empty-report)
DA:1,0
DA:2,0
DA:3,0
DA:4,0
DA:5,0
DA:6,0
DA:7,0
DA:8,0
DA:9,0
DA:10,0
DA:11,0
DA:12,0
DA:13,0
DA:14,0
DA:15,0
DA:16,0
DA:17,0
DA:18,0
DA:19,0
DA:20,0
DA:21,0
DA:22,0
DA:23,0
DA:24,0
DA:25,0
DA:26,0
DA:27,0
DA:28,0
DA:29,0
DA:30,0
DA:31,0
DA:32,0
DA:33,0
DA:34,0
DA:35,0
DA:36,0
DA:37,0
DA:38,0
DA:39,0
DA:40,0
DA:41,0
DA:42,0
DA:43,0
DA:44,0
DA:45,0
DA:46,0
DA:47,0
DA:48,0
DA:49,0
DA:50,0
DA:51,0
DA:52,0
DA:53,0
DA:54,0
DA:55,0
DA:56,0
DA:57,0
DA:58,0
DA:59,0
DA:60,0
DA:61,0
DA:62,0
DA:63,0
DA:64,0
DA:65,0
DA:66,0
DA:67,0
DA:68,0
DA:69,0
DA:70,0
DA:71,0
DA:72,0
LF:72
LH:0
BRDA:1,0,0,0
BRF:1
BRH:0
end_of_record
TN:
SF:js/import-export.mjs
FN:16,_getEntries
FN:41,_getWaivedEntries
FN:59,exportDatabaseToFile
FN:74,importDatabaseFromFile
FNF:4
FNH:0
FNDA:0,_getEntries
FNDA:0,_getWaivedEntries
FNDA:0,exportDatabaseToFile
FNDA:0,importDatabaseFromFile
DA:1,6
DA:2,6
DA:3,6
DA:4,6
DA:5,6
DA:6,6
DA:7,6
DA:8,6
DA:9,6
DA:10,6
DA:11,6
DA:12,6
DA:13,6
DA:14,6
DA:15,6
DA:16,0
DA:17,0
DA:18,0
DA:19,0
DA:20,0
DA:21,0
DA:22,0
DA:23,0
DA:24,0
DA:25,0
DA:26,0
DA:27,0
DA:28,0
DA:29,0
DA:30,0
DA:31,0
DA:32,0
DA:33,6
DA:34,6
DA:35,6
DA:36,6
DA:37,6
DA:38,6
DA:39,6
DA:40,6
DA:41,0
DA:42,0
DA:43,0
DA:44,0
DA:45,0
DA:46,0
DA:47,0
DA:48,0
DA:49,0
DA:50,0
DA:51,0
DA:52,0
DA:53,0
DA:54,0
DA:55,0
DA:56,6
DA:57,6
DA:58,6
DA:59,6
DA:60,0
DA:61,0
DA:62,0
DA:63,0
DA:64,0
DA:65,0
DA:66,0
DA:67,0
DA:68,0
DA:69,0
DA:70,0
DA:71,0
DA:72,0
DA:73,6
DA:74,6
DA:75,0
DA:76,0
DA:77,0
DA:78,0
DA:79,0
DA:80,0
DA:81,0
DA:82,0
DA:83,0
DA:84,0
DA:85,0
DA:86,0
DA:87,0
DA:88,0
DA:89,0
DA:90,0
DA:91,0
DA:92,0
DA:93,0
DA:94,0
DA:95,0
DA:96,0
DA:97,0
DA:98,0
DA:99,0
DA:100,0
DA:101,0
DA:102,0
DA:103,0
DA:104,0
DA:105,0
DA:106,0
DA:107,0
DA:108,0
DA:109,0
DA:110,0
DA:111,0
DA:112,0
DA:113,0
DA:114,0
DA:115,0
DA:116,0
DA:117,0
DA:118,0
DA:119,0
DA:120,0
DA:121,6
DA:122,6
DA:123,6
LF:123
LH:32
BRDA:1,0,0,6
BRF:1
BRH:1
end_of_record
TN:
SF:js/ipc-constants.mjs
FNF:0
FNH:0
DA:1,6
DA:2,6
DA:3,6
DA:4,6
DA:5,6
DA:6,6
DA:7,6
DA:8,6
DA:9,6
DA:10,6
DA:11,6
DA:12,6
DA:13,6
DA:14,6
DA:15,6
DA:16,6
DA:17,6
DA:18,6
DA:19,6
DA:20,6
DA:21,6
DA:22,6
DA:23,6
DA:24,6
DA:25,6
DA:26,6
DA:27,6
DA:28,6
DA:29,6
DA:30,6
DA:31,6
DA:32,6
DA:33,6
DA:34,6
DA:35,6
DA:36,6
DA:37,6
DA:38,6
LF:38
LH:38
BRDA:1,0,0,6
BRF:1
BRH:1
end_of_record
TN:
SF:js/main-window.mjs
FN:24,getMainWindow
FN:30,getLeaveByInterval
FN:35,createMenu
FN:70,createWindow
FN:190,toggleMainWindowWait
FN:195,triggerStartupDialogs
FN:203,resetMainWindow
FNF:7
FNH:3
FNDA:0,getMainWindow
FNDA:0,getLeaveByInterval
FNDA:12,createMenu
FNDA:6,createWindow
FNDA:0,toggleMainWindowWait
FNDA:6,triggerStartupDialogs
FNDA:0,resetMainWindow
DA:1,6
DA:2,6
DA:3,6
DA:4,6
DA:5,6
DA:6,6
DA:7,6
DA:8,6
DA:9,6
DA:10,6
DA:11,6
DA:12,6
DA:13,6
DA:14,6
DA:15,6
DA:16,6
DA:17,6
DA:18,6
DA:19,6
DA:20,6
DA:21,6
DA:22,6
DA:23,6
DA:24,0
DA:25,0
DA:26,0
DA:27,0
DA:28,6
DA:29,6
DA:30,0
DA:31,0
DA:32,0
DA:33,0
DA:34,6
DA:35,12
DA:36,12
DA:37,12
DA:38,12
DA:39,12
DA:40,12
DA:41,12
DA:42,12
DA:43,12
DA:44,12
DA:45,12
DA:46,12
DA:47,12
DA:48,12
DA:49,12
DA:50,12
DA:51,12
DA:52,12
DA:53,12
DA:54,12
DA:55,12
DA:56,12
DA:57,12
DA:58,12
DA:59,12
DA:60,12
DA:61,12
DA:62,12
DA:63,12
DA:64,0
DA:65,0
DA:66,0
DA:67,0
DA:68,12
DA:69,6
DA:70,6
DA:71,6
DA:72,6
DA:73,6
DA:74,6
DA:75,6
DA:76,6
DA:77,6
DA:78,6
DA:79,6
DA:80,6
DA:81,6
DA:82,6
DA:83,6
DA:84,6
DA:85,6
DA:86,6
DA:87,6
DA:88,6
DA:89,6
DA:90,6
DA:91,6
DA:92,6
DA:93,6
DA:94,6
DA:95,6
DA:96,6
DA:97,6
DA:98,6
DA:99,6
DA:100,6
DA:101,6
DA:102,6
DA:103,18
DA:104,18
DA:105,18
DA:106,18
DA:107,18
DA:108,6
DA:109,6
DA:110,6
DA:111,6
DA:112,6
DA:113,6
DA:114,6
DA:115,6
DA:116,6
DA:117,0
DA:118,0
DA:119,0
DA:120,6
DA:121,6
DA:122,6
DA:123,6
DA:124,6
DA:125,0
DA:126,0
DA:127,6
DA:128,6
DA:129,6
DA:130,6
DA:131,0
DA:132,0
DA:133,6
DA:134,6
DA:135,6
DA:136,6
DA:137,6
DA:138,0
DA:139,0
DA:140,6
DA:141,6
DA:142,6
DA:143,0
DA:144,0
DA:145,0
DA:146,0
DA:147,0
DA:148,0
DA:149,0
DA:150,0
DA:151,0
DA:152,0
DA:153,0
DA:154,6
DA:155,6
DA:156,6
DA:157,6
DA:158,5
DA:159,5
DA:160,6
DA:161,6
DA:162,6
DA:163,6
DA:164,0
DA:165,0
DA:166,0
DA:167,0
DA:168,0
DA:169,0
DA:170,0
DA:171,6
DA:172,6
DA:173,6
DA:174,6
DA:175,0
DA:176,0
DA:177,0
DA:178,0
DA:179,0
DA:180,0
DA:181,0
DA:182,6
DA:183,6
DA:184,6
DA:185,6
DA:186,6
DA:187,6
DA:188,6
DA:189,6
DA:190,0
DA:191,0
DA:192,0
DA:193,0
DA:194,6
DA:195,6
DA:196,6
DA:197,6
DA:198,6
DA:199,6
DA:200,6
DA:201,6
DA:202,6
DA:203,0
DA:204,0
DA:205,0
DA:206,0
DA:207,0
DA:208,0
DA:209,0
DA:210,0
DA:211,0
DA:212,0
DA:213,0
DA:214,0
DA:215,0
DA:216,0
DA:217,0
DA:218,0
DA:219,0
DA:220,6
DA:221,6
DA:222,6
DA:223,6
DA:224,6
DA:225,6
DA:226,6
DA:227,6
DA:228,6
DA:229,6
LF:229
LH:162
BRDA:1,0,0,6
BRDA:35,1,0,12
BRDA:64,2,0,0
BRDA:70,3,0,6
BRDA:102,4,0,18
BRDA:110,5,0,6
BRDA:157,6,0,5
BRDA:195,7,0,6
BRF:8
BRH:7
end_of_record
TN:
SF:js/menus.mjs
FN:21,getMainMenuTemplate
FN:27,click
FN:36,click
FN:44,getContextMenuTemplate
FN:49,click
FN:64,click
FN:71,click
FN:79,getDockMenuTemplate
FN:84,click
FN:100,getEditMenuTemplate
FN:127,click
FN:135,click
FN:164,click
FN:232,click
FN:269,getViewMenuTemplate
FN:275,click
FN:283,click
FN:291,getHelpMenuTemplate
FN:296,click
FN:303,click
FN:310,click
FN:322,click
FNF:22
FNH:6
FNDA:12,getMainMenuTemplate
FNDA:0,click
FNDA:0,click
FNDA:18,getContextMenuTemplate
FNDA:0,click
FNDA:0,click
FNDA:0,click
FNDA:12,getDockMenuTemplate
FNDA:0,click
FNDA:12,getEditMenuTemplate
FNDA:0,click
FNDA:0,click
FNDA:0,click
FNDA:0,click
FNDA:12,getViewMenuTemplate
FNDA:0,click
FNDA:0,click
FNDA:12,getHelpMenuTemplate
FNDA:0,click
FNDA:0,click
FNDA:0,click
FNDA:0,click
DA:1,6
DA:2,6
DA:3,6
DA:4,6
DA:5,6
DA:6,6
DA:7,6
DA:8,6
DA:9,6
DA:10,6
DA:11,6
DA:12,6
DA:13,6
DA:14,6
DA:15,6
DA:16,6
DA:17,6
DA:18,6
DA:19,6
DA:20,6
DA:21,12
DA:22,12
DA:23,12
DA:24,12
DA:25,12
DA:26,12
DA:27,12
DA:28,0
DA:29,0
DA:30,0
DA:31,12
DA:32,12
DA:33,12
DA:34,12
DA:35,12
DA:36,12
DA:37,0
DA:38,0
DA:39,0
DA:40,12
DA:41,12
DA:42,12
DA:43,6
DA:44,18
DA:45,18
DA:46,18
DA:47,18
DA:48,18
DA:49,18
DA:50,0
DA:51,0
DA:52,0
DA:53,0
DA:54,0
DA:55,0
DA:56,0
DA:57,0
DA:58,0
DA:59,0
DA:60,0
DA:61,18
DA:62,18
DA:63,18
DA:64,18
DA:65,0
DA:66,0
DA:67,0
DA:68,18
DA:69,18
DA:70,18
DA:71,18
DA:72,0
DA:73,0
DA:74,0
DA:75,18
DA:76,18
DA:77,18
DA:78,6
DA:79,12
DA:80,12
DA:81,12
DA:82,12
DA:83,12
DA:84,12
DA:85,0
DA:86,0
DA:87,0
DA:88,0
DA:89,0
DA:90,0
DA:91,0
DA:92,0
DA:93,0
DA:94,0
DA:95,0
DA:96,12
DA:97,12
DA:98,12
DA:99,6
DA:100,12
DA:101,12
DA:102,12
DA:103,12
DA:104,12
DA:105,12
DA:106,12
DA:107,12
DA:108,12
DA:109,12
DA:110,12
DA:111,12
DA:112,12
DA:113,12
DA:114,12
DA:115,12
DA:116,12
DA:117,12
DA:118,12
DA:119,12
DA:120,12
DA:121,12
DA:122,12
DA:123,12
DA:124,12
DA:125,12
DA:126,12
DA:127,12
DA:128,0
DA:129,0
DA:130,0
DA:131,12
DA:132,12
DA:133,12
DA:134,12
DA:135,12
DA:136,0
DA:137,0
DA:138,0
DA:139,0
DA:140,0
DA:141,0
DA:142,0
DA:143,0
DA:144,0
DA:145,0
DA:146,0
DA:147,0
DA:148,0
DA:149,0
DA:150,0
DA:151,0
DA:152,0
DA:153,0
DA:154,0
DA:155,0
DA:156,0
DA:157,0
DA:158,0
DA:159,0
DA:160,0
DA:161,12
DA:162,12
DA:163,12
DA:164,12
DA:165,0
DA:166,0
DA:167,0
DA:168,0
DA:169,0
DA:170,0
DA:171,0
DA:172,0
DA:173,0
DA:174,0
DA:175,0
DA:176,0
DA:177,0
DA:178,0
DA:179,0
DA:180,0
DA:181,0
DA:182,0
DA:183,0
DA:184,0
DA:185,0
DA:186,0
DA:187,0
DA:188,0
DA:189,0
DA:190,0
DA:191,0
DA:192,0
DA:193,0
DA:194,0
DA:195,0
DA:196,0
DA:197,0
DA:198,0
DA:199,0
DA:200,0
DA:201,0
DA:202,0
DA:203,0
DA:204,0
DA:205,0
DA:206,0
DA:207,0
DA:208,0
DA:209,0
DA:210,0
DA:211,0
DA:212,0
DA:213,0
DA:214,0
DA:215,0
DA:216,0
DA:217,0
DA:218,0
DA:219,0
DA:220,0
DA:221,0
DA:222,0
DA:223,0
DA:224,0
DA:225,0
DA:226,0
DA:227,0
DA:228,0
DA:229,12
DA:230,12
DA:231,12
DA:232,12
DA:233,0
DA:234,0
DA:235,0
DA:236,0
DA:237,0
DA:238,0
DA:239,0
DA:240,0
DA:241,0
DA:242,0
DA:243,0
DA:244,0
DA:245,0
DA:246,0
DA:247,0
DA:248,0
DA:249,0
DA:250,0
DA:251,0
DA:252,0
DA:253,0
DA:254,0
DA:255,0
DA:256,0
DA:257,0
DA:258,0
DA:259,0
DA:260,0
DA:261,0
DA:262,0
DA:263,0
DA:264,0
DA:265,12
DA:266,12
DA:267,12
DA:268,6
DA:269,12
DA:270,12
DA:271,12
DA:272,12
DA:273,12
DA:274,12
DA:275,12
DA:276,0
DA:277,0
DA:278,0
DA:279,12
DA:280,12
DA:281,12
DA:282,12
DA:283,12
DA:284,0
DA:285,0
DA:286,0
DA:287,12
DA:288,12
DA:289,12
DA:290,6
DA:291,12
DA:292,12
DA:293,12
DA:294,12
DA:295,12
DA:296,12
DA:297,0
DA:298,0
DA:299,0
DA:300,12
DA:301,12
DA:302,12
DA:303,12
DA:304,0
DA:305,0
DA:306,0
DA:307,12
DA:308,12
DA:309,12
DA:310,12
DA:311,0
DA:312,0
DA:313,0
DA:314,0
DA:315,0
DA:316,12
DA:317,12
DA:318,12
DA:319,12
DA:320,12
DA:321,12
DA:322,12
DA:323,0
DA:324,0
DA:325,0
DA:326,0
DA:327,0
DA:328,0
DA:329,0
DA:330,0
DA:331,0
DA:332,0
DA:333,0
DA:334,0
DA:335,0
DA:336,0
DA:337,0
DA:338,0
DA:339,0
DA:340,0
DA:341,0
DA:342,0
DA:343,0
DA:344,0
DA:345,0
DA:346,0
DA:347,0
DA:348,0
DA:349,0
DA:350,12
DA:351,12
DA:352,12
DA:353,6
DA:354,6
DA:355,6
DA:356,6
DA:357,6
DA:358,6
DA:359,6
DA:360,6
DA:361,6
LF:361
LH:159
BRDA:1,0,0,6
BRDA:21,1,0,12
BRDA:35,2,0,0
BRDA:44,3,0,18
BRDA:79,4,0,12
BRDA:100,5,0,12
BRDA:126,6,0,0
BRDA:269,7,0,12
BRDA:282,8,0,0
BRDA:291,9,0,12
BRF:10
BRH:7
end_of_record
TN:
SF:js/notification.mjs
FN:16,createNotification
FN:61,createLeaveNotification
FN:111,updateDismiss
FN:119,getDismiss
FNF:4
FNH:0
FNDA:0,createNotification
FNDA:0,createLeaveNotification
FNDA:0,updateDismiss
FNDA:0,getDismiss
DA:1,6
DA:2,6
DA:3,6
DA:4,6
DA:5,6
DA:6,6
DA:7,6
DA:8,6
DA:9,6
DA:10,6
DA:11,6
DA:12,6
DA:13,6
DA:14,6
DA:15,6
DA:16,6
DA:17,0
DA:18,0
DA:19,0
DA:20,0
DA:21,0
DA:22,0
DA:23,0
DA:24,0
DA:25,0
DA:26,0
DA:27,0
DA:28,0
DA:29,0
DA:30,0
DA:31,0
DA:32,0
DA:33,0
DA:34,0
DA:35,0
DA:36,0
DA:37,0
DA:38,0
DA:39,0
DA:40,0
DA:41,0
DA:42,0
DA:43,0
DA:44,0
DA:45,0
DA:46,0
DA:47,0
DA:48,0
DA:49,0
DA:50,0
DA:51,0
DA:52,0
DA:53,0
DA:54,0
DA:55,0
DA:56,0
DA:57,6
DA:58,6
DA:59,6
DA:60,6
DA:61,6
DA:62,0
DA:63,0
DA:64,0
DA:65,0
DA:66,0
DA:67,0
DA:68,0
DA:69,0
DA:70,0
DA:71,0
DA:72,0
DA:73,0
DA:74,0
DA:75,0
DA:76,0
DA:77,0
DA:78,0
DA:79,0
DA:80,0
DA:81,0
DA:82,0
DA:83,0
DA:84,0
DA:85,0
DA:86,0
DA:87,0
DA:88,0
DA:89,0
DA:90,0
DA:91,0
DA:92,0
DA:93,0
DA:94,0
DA:95,0
DA:96,0
DA:97,0
DA:98,0
DA:99,0
DA:100,0
DA:101,0
DA:102,0
DA:103,0
DA:104,0
DA:105,0
DA:106,6
DA:107,6
DA:108,6
DA:109,6
DA:110,6
DA:111,6
DA:112,0
DA:113,0
DA:114,0
DA:115,6
DA:116,6
DA:117,6
DA:118,6
DA:119,6
DA:120,0
DA:121,0
DA:122,0
DA:123,6
DA:124,6
DA:125,6
LF:125
LH:35
BRDA:1,0,0,6
BRF:1
BRH:1
end_of_record
TN:
SF:js/preload.cjs
FN:1,(empty-report)
FNF:1
FNH:0
FNDA:0,(empty-report)
DA:1,0
DA:2,0
DA:3,0
DA:4,0
DA:5,0
DA:6,0
DA:7,0
LF:7
LH:0
BRDA:1,0,0,0
BRF:1
BRH:0
end_of_record
TN:
SF:js/preload.js
FN:1,(empty-report)
FNF:1
FNH:0
FNDA:0,(empty-report)
DA:1,0
DA:2,0
DA:3,0
DA:4,0
DA:5,0
DA:6,0
DA:7,0
DA:8,0
DA:9,0
DA:10,0
DA:11,0
LF:11
LH:0
BRDA:1,0,0,0
BRF:1
BRH:0
end_of_record
TN:
SF:js/preload.mjs
FN:1,(empty-report)
FNF:1
FNH:0
FNDA:0,(empty-report)
DA:1,0
DA:2,0
DA:3,0
DA:4,0
DA:5,0
DA:6,0
DA:7,0
LF:7
LH:0
BRDA:1,0,0,0
BRF:1
BRH:0
end_of_record
TN:
SF:js/saved-preferences.mjs
FN:10,getSavedPreferences
FNF:1
FNH:0
FNDA:0,getSavedPreferences
DA:1,6
DA:2,6
DA:3,6
DA:4,6
DA:5,6
DA:6,6
DA:7,6
DA:8,6
DA:9,6
DA:10,0
DA:11,0
DA:12,0
DA:13,0
DA:14,6
DA:15,6
DA:16,0
DA:17,0
DA:18,0
DA:19,0
DA:20,0
DA:21,0
DA:22,0
DA:23,0
DA:24,0
DA:25,6
DA:26,6
DA:27,6
DA:28,6
DA:29,6
LF:29
LH:16
BRDA:1,0,0,6
BRF:1
BRH:1
end_of_record
TN:
SF:js/squirrel.mjs
FN:6,handleSquirrelEvent
FNF:1
FNH:0
FNDA:0,handleSquirrelEvent
DA:1,6
DA:2,6
DA:3,6
DA:4,6
DA:5,6
DA:6,0
DA:7,0
DA:8,0
DA:9,0
DA:10,0
DA:11,0
DA:12,0
DA:13,0
DA:14,0
DA:15,0
DA:16,0
DA:17,0
DA:18,0
DA:19,0
DA:20,0
DA:21,0
DA:22,0
DA:23,0
DA:24,0
DA:25,0
DA:26,0
DA:27,0
DA:28,0
DA:29,0
DA:30,0
DA:31,0
DA:32,0
DA:33,0
DA:34,0
DA:35,0
DA:36,0
DA:37,0
DA:38,0
DA:39,0
DA:40,0
DA:41,0
DA:42,0
DA:43,0
DA:44,0
DA:45,0
DA:46,0
DA:47,0
DA:48,0
DA:49,0
DA:50,0
DA:51,0
DA:52,0
DA:53,0
DA:54,0
DA:55,0
DA:56,0
DA:57,0
DA:58,0
DA:59,0
DA:60,0
DA:61,0
DA:62,0
DA:63,0
DA:64,0
DA:65,0
DA:66,0
DA:67,0
DA:68,0
DA:69,0
DA:70,0
DA:71,6
DA:72,6
DA:73,6
DA:74,6
LF:74
LH:9
BRDA:1,0,0,6
BRF:1
BRH:1
end_of_record
TN:
SF:js/theme-loader.mjs
FN:1,(empty-report)
FNF:1
FNH:0
FNDA:0,(empty-report)
DA:1,0
DA:2,0
DA:3,0
DA:4,0
DA:5,0
DA:6,0
DA:7,0
DA:8,0
DA:9,0
DA:10,0
DA:11,0
DA:12,0
DA:13,0
DA:14,0
DA:15,0
DA:16,0
DA:17,0
DA:18,0
DA:19,0
DA:20,0
DA:21,0
DA:22,0
DA:23,0
DA:24,0
DA:25,0
LF:25
LH:0
BRDA:1,0,0,0
BRF:1
BRH:0
end_of_record
TN:
SF:js/time-balance.mjs
FN:16,_getDateFromStoreDb
FN:26,_getDateFromWaivedWorkdayDb
FN:34,_getOverallBalanceStartDate
FN:40,_getHoursPerDay
FN:51,_getDayTotal
FN:87,_getDayTotalsFromStores
FN:131,getFirstInputInDb
FN:159,computeAllTimeBalanceUntil
FN:195,computeAllTimeBalanceUntilAsync
FNF:9
FNH:4
FNDA:0,_getDateFromStoreDb
FNDA:0,_getDateFromWaivedWorkdayDb
FNDA:27,_getOverallBalanceStartDate
FNDA:0,_getHoursPerDay
FNDA:0,_getDayTotal
FNDA:0,_getDayTotalsFromStores
FNDA:27,getFirstInputInDb
FNDA:27,computeAllTimeBalanceUntil
FNDA:27,computeAllTimeBalanceUntilAsync
DA:1,6
DA:2,6
DA:3,6
DA:4,6
DA:5,6
DA:6,6
DA:7,6
DA:8,6
DA:9,6
DA:10,6
DA:11,6
DA:12,6
DA:13,6
DA:14,6
DA:15,6
DA:16,0
DA:17,0
DA:18,0
DA:19,0
DA:20,0
DA:21,0
DA:22,6
DA:23,6
DA:24,6
DA:25,6
DA:26,0
DA:27,0
DA:28,0
DA:29,0
DA:30,0
DA:31,0
DA:32,0
DA:33,6
DA:34,27
DA:35,27
DA:36,27
DA:37,27
DA:38,27
DA:39,6
DA:40,0
DA:41,0
DA:42,0
DA:43,0
DA:44,0
DA:45,6
DA:46,6
DA:47,6
DA:48,6
DA:49,6
DA:50,6
DA:51,0
DA:52,0
DA:53,0
DA:54,0
DA:55,0
DA:56,0
DA:57,0
DA:58,0
DA:59,0
DA:60,0
DA:61,0
DA:62,0
DA:63,0
DA:64,0
DA:65,0
DA:66,0
DA:67,0
DA:68,0
DA:69,0
DA:70,0
DA:71,0
DA:72,0
DA:73,0
DA:74,0
DA:75,0
DA:76,0
DA:77,0
DA:78,0
DA:79,0
DA:80,6
DA:81,6
DA:82,6
DA:83,6
DA:84,6
DA:85,6
DA:86,6
DA:87,0
DA:88,0
DA:89,0
DA:90,0
DA:91,0
DA:92,0
DA:93,0
DA:94,0
DA:95,0
DA:96,0
DA:97,0
DA:98,0
DA:99,0
DA:100,0
DA:101,0
DA:102,0
DA:103,0
DA:104,0
DA:105,0
DA:106,0
DA:107,0
DA:108,0
DA:109,0
DA:110,0
DA:111,0
DA:112,0
DA:113,0
DA:114,0
DA:115,0
DA:116,0
DA:117,0
DA:118,0
DA:119,0
DA:120,0
DA:121,0
DA:122,0
DA:123,0
DA:124,0
DA:125,0
DA:126,0
DA:127,0
DA:128,6
DA:129,6
DA:130,6
DA:131,6
DA:132,27
DA:133,27
DA:134,27
DA:135,27
DA:136,27
DA:137,27
DA:138,27
DA:139,27
DA:140,0
DA:141,0
DA:142,0
DA:143,0
DA:144,0
DA:145,0
DA:146,27
DA:147,0
DA:148,0
DA:149,0
DA:150,0
DA:151,27
DA:152,27
DA:153,27
DA:154,6
DA:155,6
DA:156,6
DA:157,6
DA:158,6
DA:159,6
DA:160,27
DA:161,27
DA:162,27
DA:163,27
DA:164,27
DA:165,27
DA:166,0
DA:167,0
DA:168,0
DA:169,0
DA:170,0
DA:171,0
DA:172,0
DA:173,0
DA:174,0
DA:175,0
DA:176,0
DA:177,27
DA:178,27
DA:179,0
DA:180,0
DA:181,0
DA:182,0
DA:183,0
DA:184,0
DA:185,0
DA:186,0
DA:187,0
DA:188,0
DA:189,27
DA:190,6
DA:191,6
DA:192,6
DA:193,6
DA:194,6
DA:195,6
DA:196,27
DA:197,27
DA:198,27
DA:199,27
DA:200,27
DA:201,27
DA:202,27
DA:203,27
DA:204,27
DA:205,6
DA:206,6
DA:207,6
LF:207
LH:88
BRDA:1,0,0,6
BRDA:34,1,0,27
BRDA:131,2,0,27
BRDA:139,3,0,0
BRDA:152,4,0,0
BRDA:159,5,0,27
BRDA:166,6,0,0
BRDA:178,7,0,0
BRDA:195,8,0,27
BRDA:197,9,0,27
BRDA:199,10,0,27
BRF:11
BRH:7
end_of_record
TN:
SF:js/time-math.mjs
FN:8,hourMinToHourFormatted
FN:20,isNegative
FN:29,hourToMinutes
FN:46,minutesToHourFormatted
FN:62,subtractTime
FN:72,multiplyTime
FN:83,sumTime
FN:93,validateTime
FN:104,diffDays
FN:116,isValidDayOfMonth
FN:119,0
FN:120,1
FN:121,2
FN:122,3
FN:123,4
FN:124,5
FN:125,6
FN:126,7
FN:127,8
FN:128,9
FN:129,10
FN:130,11
FN:140,validateDate
FNF:23
FNH:4
FNDA:0,hourMinToHourFormatted
FNDA:0,isNegative
FNDA:0,hourToMinutes
FNDA:0,minutesToHourFormatted
FNDA:0,subtractTime
FNDA:0,multiplyTime
FNDA:0,sumTime
FNDA:90,validateTime
FNDA:0,diffDays
FNDA:90,isValidDayOfMonth
FNDA:0,0
FNDA:90,1
FNDA:0,2
FNDA:0,3
FNDA:0,4
FNDA:0,5
FNDA:0,6
FNDA:0,7
FNDA:0,8
FNDA:0,9
FNDA:0,10
FNDA:0,11
FNDA:90,validateDate
DA:1,6
DA:2,6
DA:3,6
DA:4,6
DA:5,6
DA:6,6
DA:7,6
DA:8,6
DA:9,0
DA:10,0
DA:11,0
DA:12,0
DA:13,0
DA:14,0
DA:15,0
DA:16,6
DA:17,6
DA:18,6
DA:19,6
DA:20,6
DA:21,0
DA:22,0
DA:23,0
DA:24,6
DA:25,6
DA:26,6
DA:27,6
DA:28,6
DA:29,6
DA:30,0
DA:31,0
DA:32,0
DA:33,0
DA:34,0
DA:35,0
DA:36,0
DA:37,0
DA:38,0
DA:39,0
DA:40,0
DA:41,0
DA:42,6
DA:43,6
DA:44,6
DA:45,6
DA:46,6
DA:47,0
DA:48,0
DA:49,0
DA:50,0
DA:51,0
DA:52,0
DA:53,0
DA:54,0
DA:55,0
DA:56,0
DA:57,6
DA:58,6
DA:59,6
DA:60,6
DA:61,6
DA:62,6
DA:63,0
DA:64,0
DA:65,0
DA:66,0
DA:67,6
DA:68,6
DA:69,6
DA:70,6
DA:71,6
DA:72,6
DA:73,0
DA:74,0
DA:75,0
DA:76,0
DA:77,0
DA:78,6
DA:79,6
DA:80,6
DA:81,6
DA:82,6
DA:83,6
DA:84,0
DA:85,0
DA:86,0
DA:87,0
DA:88,6
DA:89,6
DA:90,6
DA:91,6
DA:92,6
DA:93,6
DA:94,90
DA:95,90
DA:96,90
DA:97,90
DA:98,6
DA:99,6
DA:100,6
DA:101,6
DA:102,6
DA:103,6
DA:104,6
DA:105,0
DA:106,0
DA:107,0
DA:108,0
DA:109,6
DA:110,6
DA:111,6
DA:112,6
DA:113,6
DA:114,6
DA:115,6
DA:116,6
DA:117,90
DA:118,90
DA:119,90
DA:120,90
DA:121,90
DA:122,90
DA:123,90
DA:124,90
DA:125,90
DA:126,90
DA:127,90
DA:128,90
DA:129,90
DA:130,90
DA:131,90
DA:132,90
DA:133,90
DA:134,6
DA:135,6
DA:136,6
DA:137,6
DA:138,6
DA:139,6
DA:140,6
DA:141,90
DA:142,90
DA:143,90
DA:144,90
DA:145,90
DA:146,90
DA:147,90
DA:148,0
DA:149,90
DA:150,6
DA:151,6
DA:152,6
LF:152
LH:102
BRDA:1,0,0,6
BRDA:93,1,0,90
BRDA:116,2,0,90
BRDA:120,3,0,90
BRDA:140,4,0,90
BRDA:148,5,0,0
BRF:6
BRH:5
end_of_record
TN:
SF:js/update-manager.mjs
FN:18,shouldCheckForUpdates
FN:27,checkForUpdates
FNF:2
FNH:2
FNDA:6,shouldCheckForUpdates
FNDA:6,checkForUpdates
DA:1,6
DA:2,6
DA:3,6
DA:4,6
DA:5,6
DA:6,6
DA:7,6
DA:8,6
DA:9,6
DA:10,6
DA:11,6
DA:12,6
DA:13,6
DA:14,6
DA:15,6
DA:16,6
DA:17,6
DA:18,6
DA:19,6
DA:20,6
DA:21,6
DA:22,6
DA:23,6
DA:24,6
DA:25,6
DA:26,6
DA:27,6
DA:28,6
DA:29,6
DA:30,6
DA:31,6
DA:32,0
DA:33,0
DA:34,6
DA:35,6
DA:36,6
DA:37,0
DA:38,0
DA:39,0
DA:40,0
DA:41,0
DA:42,0
DA:43,0
DA:44,0
DA:45,0
DA:46,0
DA:47,0
DA:48,0
DA:49,0
DA:50,0
DA:51,0
DA:52,0
DA:53,0
DA:54,0
DA:55,0
DA:56,0
DA:57,0
DA:58,0
DA:59,0
DA:60,0
DA:61,0
DA:62,0
DA:63,0
DA:64,0
DA:65,0
DA:66,0
DA:67,0
DA:68,0
DA:69,0
DA:70,0
DA:71,0
DA:72,0
DA:73,0
DA:74,0
DA:75,0
DA:76,0
DA:77,0
DA:78,0
DA:79,0
DA:80,0
DA:81,0
DA:82,0
DA:83,0
DA:84,0
DA:85,0
DA:86,0
DA:87,0
DA:88,6
DA:89,6
DA:90,6
DA:91,6
DA:92,6
DA:93,6
LF:93
LH:40
BRDA:1,0,0,6
BRDA:18,1,0,6
BRDA:24,2,0,0
BRDA:27,3,0,6
BRDA:31,4,0,0
BRF:5
BRH:3
end_of_record
TN:
SF:js/user-preferences.mjs
FN:12,getFs
FN:21,isValidLocale
FN:26,isValidView
FN:82,isNotBoolean
FN:83,isNotificationInterval
FN:88,getPreferencesFilePath
FN:99,savePreferences
FN:116,readPreferences
FN:130,getDerivedPrefsFromLoadedPrefs
FN:145,initPreferencesFileIfNotExistsOrInvalid
FN:179,notifications-interval
FN:180,hours-per-day
FN:181,break-time-interval
FN:191,theme
FN:192,view
FN:193,language
FN:194,overall-balance-start-date
FN:195,update-remind-me-after
FN:218,getLoadedOrDerivedUserPreferences
FN:227,getDefaultPreferences
FN:235,notificationIsEnabled
FN:244,showWeekDay
FN:266,showDay
FN:272,switchCalendarView
FN:288,getDefaultWidthHeight
FN:303,getUserLanguage
FN:312,getNotificationsInterval
FN:321,repetitionIsEnabled
FN:330,resetPreferences
FNF:29
FNH:23
FNDA:141,getFs
FNDA:45,isValidLocale
FNDA:45,isValidView
FNDA:1080,isNotBoolean
FNDA:45,isNotificationInterval
FNDA:96,getPreferencesFilePath
FNDA:6,savePreferences
FNDA:90,readPreferences
FNDA:45,getDerivedPrefsFromLoadedPrefs
FNDA:45,initPreferencesFileIfNotExistsOrInvalid
FNDA:45,notifications-interval
FNDA:45,hours-per-day
FNDA:45,break-time-interval
FNDA:45,theme
FNDA:45,view
FNDA:45,language
FNDA:45,overall-balance-start-date
FNDA:45,update-remind-me-after
FNDA:45,getLoadedOrDerivedUserPreferences
FNDA:45,getDefaultPreferences
FNDA:0,notificationIsEnabled
FNDA:0,showWeekDay
FNDA:0,showDay
FNDA:6,switchCalendarView
FNDA:6,getDefaultWidthHeight
FNDA:6,getUserLanguage
FNDA:0,getNotificationsInterval
FNDA:0,repetitionIsEnabled
FNDA:0,resetPreferences
DA:1,6
DA:2,6
DA:3,6
DA:4,6
DA:5,6
DA:6,6
DA:7,6
DA:8,6
DA:9,6
DA:10,6
DA:11,6
DA:12,141
DA:13,141
DA:14,141
DA:15,141
DA:16,6
DA:17,6
DA:18,141
DA:19,141
DA:20,6
DA:21,45
DA:22,45
DA:23,45
DA:24,45
DA:25,6
DA:26,45
DA:27,45
DA:28,45
DA:29,45
DA:30,6
DA:31,6
DA:32,6
DA:33,6
DA:34,6
DA:35,6
DA:36,6
DA:37,6
DA:38,6
DA:39,6
DA:40,6
DA:41,6
DA:42,6
DA:43,6
DA:44,6
DA:45,6
DA:46,6
DA:47,6
DA:48,6
DA:49,6
DA:50,6
DA:51,6
DA:52,6
DA:53,6
DA:54,6
DA:55,6
DA:56,6
DA:57,6
DA:58,6
DA:59,6
DA:60,6
DA:61,6
DA:62,6
DA:63,6
DA:64,6
DA:65,6
DA:66,6
DA:67,6
DA:68,6
DA:69,6
DA:70,6
DA:71,6
DA:72,6
DA:73,6
DA:74,6
DA:75,6
DA:76,6
DA:77,6
DA:78,6
DA:79,6
DA:80,6
DA:81,6
DA:82,6
DA:83,6
DA:84,6
DA:85,6
DA:86,6
DA:87,6
DA:88,96
DA:89,96
DA:90,96
DA:91,96
DA:92,96
DA:93,96
DA:94,96
DA:95,6
DA:96,6
DA:97,6
DA:98,6
DA:99,6
DA:100,6
DA:101,6
DA:102,6
DA:103,6
DA:104,6
DA:105,6
DA:106,0
DA:107,0
DA:108,0
DA:109,6
DA:110,6
DA:111,6
DA:112,6
DA:113,6
DA:114,6
DA:115,6
DA:116,90
DA:117,90
DA:118,90
DA:119,90
DA:120,90
DA:121,90
DA:122,90
DA:123,90
DA:124,0
DA:125,0
DA:126,0
DA:127,90
DA:128,90
DA:129,6
DA:130,45
DA:131,45
DA:132,45
DA:133,45
DA:134,1035
DA:135,1035
DA:136,45
DA:137,45
DA:138,45
DA:139,45
DA:140,6
DA:141,6
DA:142,6
DA:143,6
DA:144,6
DA:145,45
DA:146,45
DA:147,45
DA:148,45
DA:149,0
DA:150,0
DA:151,0
DA:152,45
DA:153,45
DA:154,45
DA:155,45
DA:156,45
DA:157,45
DA:158,45
DA:159,45
DA:160,45
DA:161,45
DA:162,0
DA:163,0
DA:164,45
DA:165,45
DA:166,45
DA:167,45
DA:168,1035
DA:169,1035
DA:170,1035
DA:171,1035
DA:172,0
DA:173,0
DA:174,0
DA:175,1035
DA:176,1035
DA:177,1035
DA:178,135
DA:179,135
DA:180,135
DA:181,135
DA:182,135
DA:183,135
DA:184,135
DA:185,0
DA:186,0
DA:187,0
DA:188,135
DA:189,1035
DA:190,1035
DA:191,1035
DA:192,1035
DA:193,1035
DA:194,1035
DA:195,1035
DA:196,1035
DA:197,1035
DA:198,1035
DA:199,225
DA:200,225
DA:201,0
DA:202,0
DA:203,0
DA:204,225
DA:205,1035
DA:206,45
DA:207,45
DA:208,45
DA:209,0
DA:210,0
DA:211,45
DA:212,45
DA:213,6
DA:214,6
DA:215,6
DA:216,6
DA:217,6
DA:218,45
DA:219,45
DA:220,45
DA:221,45
DA:222,45
DA:223,6
DA:224,6
DA:225,6
DA:226,6
DA:227,45
DA:228,45
DA:229,45
DA:230,45
DA:231,6
DA:232,6
DA:233,6
DA:234,6
DA:235,0
DA:236,0
DA:237,0
DA:238,0
DA:239,0
DA:240,6
DA:241,6
DA:242,6
DA:243,6
DA:244,0
DA:245,0
DA:246,0
DA:247,0
DA:248,0
DA:249,0
DA:250,0
DA:251,0
DA:252,0
DA:253,0
DA:254,0
DA:255,0
DA:256,0
DA:257,0
DA:258,0
DA:259,0
DA:260,0
DA:261,6
DA:262,6
DA:263,6
DA:264,6
DA:265,6
DA:266,0
DA:267,0
DA:268,0
DA:269,0
DA:270,0
DA:271,6
DA:272,6
DA:273,6
DA:274,6
DA:275,6
DA:276,6
DA:277,3
DA:278,3
DA:279,3
DA:280,3
DA:281,3
DA:282,3
DA:283,6
DA:284,6
DA:285,6
DA:286,6
DA:287,6
DA:288,6
DA:289,6
DA:290,6
DA:291,6
DA:292,6
DA:293,6
DA:294,0
DA:295,0
DA:296,0
DA:297,0
DA:298,6
DA:299,6
DA:300,6
DA:301,6
DA:302,6
DA:303,6
DA:304,6
DA:305,6
DA:306,6
DA:307,6
DA:308,6
DA:309,6
DA:310,6
DA:311,6
DA:312,0
DA:313,0
DA:314,0
DA:315,0
DA:316,0
DA:317,6
DA:318,6
DA:319,6
DA:320,6
DA:321,0
DA:322,0
DA:323,0
DA:324,0
DA:325,0
DA:326,6
DA:327,6
DA:328,6
DA:329,6
DA:330,0
DA:331,0
DA:332,0
DA:333,0
DA:334,6
DA:335,6
DA:336,6
DA:337,6
DA:338,6
DA:339,6
DA:340,6
DA:341,6
DA:342,6
DA:343,6
DA:344,6
DA:345,6
DA:346,6
DA:347,6
DA:348,6
DA:349,6
DA:350,6
DA:351,6
LF:351
LH:284
BRDA:1,0,0,6
BRDA:12,1,0,141
BRDA:15,2,0,6
BRDA:21,3,0,45
BRDA:26,4,0,45
BRDA:28,5,0,8
BRDA:82,6,0,1080
BRDA:83,7,0,45
BRDA:88,8,0,96
BRDA:99,9,0,6
BRDA:105,10,0,0
BRDA:116,11,0,90
BRDA:123,12,0,0
BRDA:127,13,0,0
BRDA:130,14,0,45
BRDA:133,15,0,1035
BRDA:135,16,0,0
BRDA:145,17,0,45
BRDA:148,18,0,0
BRDA:161,19,0,0
BRDA:167,20,0,1035
BRDA:170,21,0,360
BRDA:171,22,0,0
BRDA:177,23,0,135
BRDA:184,24,0,0
BRDA:198,25,0,225
BRDA:200,26,0,0
BRDA:208,27,0,0
BRDA:179,28,0,45
BRDA:180,29,0,45
BRDA:181,30,0,45
BRDA:191,31,0,45
BRDA:192,32,0,45
BRDA:193,33,0,45
BRDA:194,34,0,45
BRDA:195,35,0,45
BRDA:218,36,0,45
BRDA:227,37,0,45
BRDA:272,38,0,6
BRDA:276,39,0,3
BRDA:288,40,0,6
BRDA:294,41,0,0
BRDA:303,42,0,6
BRF:43
BRH:32
end_of_record
TN:
SF:js/validate-json.mjs
FN:79,daysInMonth
FN:102,isValidDate
FN:114,Validator.customFormats.dateFormat
FN:136,Validator.customFormats.timePointFormat
FN:162,validateJSON
FNF:5
FNH:0
FNDA:0,daysInMonth
FNDA:0,isValidDate
FNDA:0,Validator.customFormats.dateFormat
FNDA:0,Validator.customFormats.timePointFormat
FNDA:0,validateJSON
DA:1,6
DA:2,6
DA:3,6
DA:4,6
DA:5,6
DA:6,6
DA:7,6
DA:8,6
DA:9,6
DA:10,6
DA:11,6
DA:12,6
DA:13,6
DA:14,6
DA:15,6
DA:16,6
DA:17,6
DA:18,6
DA:19,6
DA:20,6
DA:21,6
DA:22,6
DA:23,6
DA:24,6
DA:25,6
DA:26,6
DA:27,6
DA:28,6
DA:29,6
DA:30,6
DA:31,6
DA:32,6
DA:33,6
DA:34,6
DA:35,6
DA:36,6
DA:37,6
DA:38,6
DA:39,6
DA:40,6
DA:41,6
DA:42,6
DA:43,6
DA:44,6
DA:45,6
DA:46,6
DA:47,6
DA:48,6
DA:49,6
DA:50,6
DA:51,6
DA:52,6
DA:53,6
DA:54,6
DA:55,6
DA:56,6
DA:57,6
DA:58,6
DA:59,6
DA:60,6
DA:61,6
DA:62,6
DA:63,6
DA:64,6
DA:65,6
DA:66,6
DA:67,6
DA:68,6
DA:69,6
DA:70,6
DA:71,6
DA:72,6
DA:73,6
DA:74,6
DA:75,6
DA:76,6
DA:77,6
DA:78,6
DA:79,0
DA:80,0
DA:81,0
DA:82,0
DA:83,0
DA:84,0
DA:85,0
DA:86,0
DA:87,0
DA:88,0
DA:89,0
DA:90,0
DA:91,6
DA:92,6
DA:93,6
DA:94,6
DA:95,6
DA:96,6
DA:97,6
DA:98,6
DA:99,6
DA:100,6
DA:101,6
DA:102,0
DA:103,0
DA:104,0
DA:105,0
DA:106,6
DA:107,6
DA:108,6
DA:109,6
DA:110,6
DA:111,6
DA:112,6
DA:113,6
DA:114,6
DA:115,0
DA:116,0
DA:117,0
DA:118,0
DA:119,0
DA:120,0
DA:121,0
DA:122,0
DA:123,0
DA:124,0
DA:125,0
DA:126,6
DA:127,6
DA:128,6
DA:129,6
DA:130,6
DA:131,6
DA:132,6
DA:133,6
DA:134,6
DA:135,6
DA:136,6
DA:137,0
DA:138,0
DA:139,0
DA:140,0
DA:141,0
DA:142,0
DA:143,0
DA:144,0
DA:145,0
DA:146,0
DA:147,0
DA:148,0
DA:149,0
DA:150,0
DA:151,0
DA:152,0
DA:153,6
DA:154,6
DA:155,6
DA:156,6
DA:157,6
DA:158,6
DA:159,6
DA:160,6
DA:161,6
DA:162,0
DA:163,0
DA:164,0
DA:165,0
DA:166,0
DA:167,0
DA:168,0
DA:169,0
DA:170,6
DA:171,6
DA:172,6
DA:173,6
LF:173
LH:122
BRDA:1,0,0,6
BRF:1
BRH:1
end_of_record
TN:
SF:js/window-aux.cjs
FN:12,showDialog
FN:26,showDialogSync
FNF:2
FNH:0
FNDA:0,showDialog
FNDA:0,showDialogSync
DA:3,6
DA:4,6
DA:5,6
DA:14,6
DA:15,6
DA:17,6
DA:18,6
DA:28,6
DA:30,6
DA:31,6
DA:34,6
LF:11
LH:11
BRDA:15,0,0,6
BRDA:15,0,1,0
BRDA:18,1,0,0
BRDA:18,1,1,0
BRDA:28,2,0,0
BRDA:28,2,1,0
BRF:6
BRH:1
end_of_record
TN:
SF:js/windows.mjs
FN:22,openWaiverManagerWindow
FN:76,openPreferencesWindow
FN:139,getDialogCoordinates
FN:147,getWaiverWindow
FN:152,getPreferencesWindow
FN:157,resetWindowsElements
FNF:6
FNH:0
FNDA:0,openWaiverManagerWindow
FNDA:0,openPreferencesWindow
FNDA:0,getDialogCoordinates
FNDA:0,getWaiverWindow
FNDA:0,getPreferencesWindow
FNDA:0,resetWindowsElements
DA:1,6
DA:2,6
DA:3,6
DA:4,6
DA:5,6
DA:6,6
DA:7,6
DA:8,6
DA:9,6
DA:10,6
DA:11,6
DA:12,6
DA:13,6
DA:14,6
DA:15,6
DA:16,6
DA:17,6
DA:18,6
DA:19,6
DA:20,6
DA:21,6
DA:22,6
DA:23,0
DA:24,0
DA:25,0
DA:26,0
DA:27,0
DA:28,0
DA:29,0
DA:30,0
DA:31,0
DA:32,0
DA:33,0
DA:34,0
DA:35,0
DA:36,0
DA:37,0
DA:38,0
DA:39,0
DA:40,0
DA:41,0
DA:42,0
DA:43,0
DA:44,0
DA:45,0
DA:46,0
DA:47,0
DA:48,0
DA:49,0
DA:50,0
DA:51,0
DA:52,0
DA:53,0
DA:54,0
DA:55,0
DA:56,0
DA:57,0
DA:58,0
DA:59,0
DA:60,0
DA:61,0
DA:62,0
DA:63,0
DA:64,0
DA:65,0
DA:66,0
DA:67,0
DA:68,0
DA:69,0
DA:70,0
DA:71,0
DA:72,0
DA:73,0
DA:74,0
DA:75,6
DA:76,6
DA:77,0
DA:78,0
DA:79,0
DA:80,0
DA:81,0
DA:82,0
DA:83,0
DA:84,0
DA:85,0
DA:86,0
DA:87,0
DA:88,0
DA:89,0
DA:90,0
DA:91,0
DA:92,0
DA:93,0
DA:94,0
DA:95,0
DA:96,0
DA:97,0
DA:98,0
DA:99,0
DA:100,0
DA:101,0
DA:102,0
DA:103,0
DA:104,0
DA:105,0
DA:106,0
DA:107,0
DA:108,0
DA:109,0
DA:110,0
DA:111,0
DA:112,0
DA:113,0
DA:114,0
DA:115,0
DA:116,0
DA:117,0
DA:118,0
DA:119,0
DA:120,0
DA:121,0
DA:122,0
DA:123,0
DA:124,0
DA:125,0
DA:126,0
DA:127,0
DA:128,0
DA:129,0
DA:130,6
DA:131,6
DA:132,6
DA:133,6
DA:134,6
DA:135,6
DA:136,6
DA:137,6
DA:138,6
DA:139,6
DA:140,0
DA:141,0
DA:142,0
DA:143,0
DA:144,0
DA:145,0
DA:146,6
DA:147,6
DA:148,0
DA:149,0
DA:150,0
DA:151,6
DA:152,6
DA:153,0
DA:154,0
DA:155,0
DA:156,6
DA:157,6
DA:158,0
DA:159,0
DA:160,0
DA:161,0
DA:162,0
DA:163,0
DA:164,6
DA:165,6
DA:166,6
LF:166
LH:43
BRDA:1,0,0,6
BRF:1
BRH:1
end_of_record
TN:
SF:src/calendar.js
FN:1,(empty-report)
FNF:1
FNH:0
FNDA:0,(empty-report)
DA:1,0
DA:2,0
DA:3,0
DA:4,0
DA:5,0
DA:6,0
DA:7,0
DA:8,0
DA:9,0
DA:10,0
DA:11,0
DA:12,0
DA:13,0
DA:14,0
DA:15,0
DA:16,0
DA:17,0
DA:18,0
DA:19,0
DA:20,0
DA:21,0
DA:22,0
DA:23,0
DA:24,0
DA:25,0
DA:26,0
DA:27,0
DA:28,0
DA:29,0
DA:30,0
DA:31,0
DA:32,0
DA:33,0
DA:34,0
DA:35,0
DA:36,0
DA:37,0
DA:38,0
DA:39,0
DA:40,0
DA:41,0
DA:42,0
DA:43,0
DA:44,0
DA:45,0
DA:46,0
DA:47,0
DA:48,0
DA:49,0
DA:50,0
DA:51,0
DA:52,0
DA:53,0
DA:54,0
DA:55,0
DA:56,0
DA:57,0
DA:58,0
DA:59,0
DA:60,0
DA:61,0
DA:62,0
DA:63,0
DA:64,0
DA:65,0
DA:66,0
DA:67,0
DA:68,0
DA:69,0
DA:70,0
DA:71,0
DA:72,0
DA:73,0
DA:74,0
DA:75,0
DA:76,0
DA:77,0
DA:78,0
DA:79,0
DA:80,0
DA:81,0
DA:82,0
DA:83,0
DA:84,0
DA:85,0
DA:86,0
DA:87,0
DA:88,0
DA:89,0
DA:90,0
DA:91,0
DA:92,0
DA:93,0
DA:94,0
DA:95,0
LF:95
LH:0
BRDA:1,0,0,0
BRF:1
BRH:0
end_of_record
TN:
SF:src/preferences.js
FN:1,(empty-report)
FNF:1
FNH:0
FNDA:0,(empty-report)
DA:1,0
DA:2,0
DA:3,0
DA:4,0
DA:5,0
DA:6,0
DA:7,0
DA:8,0
DA:9,0
DA:10,0
DA:11,0
DA:12,0
DA:13,0
DA:14,0
DA:15,0
DA:16,0
DA:17,0
DA:18,0
DA:19,0
DA:20,0
DA:21,0
DA:22,0
DA:23,0
DA:24,0
DA:25,0
DA:26,0
DA:27,0
DA:28,0
DA:29,0
DA:30,0
DA:31,0
DA:32,0
DA:33,0
DA:34,0
DA:35,0
DA:36,0
DA:37,0
DA:38,0
DA:39,0
DA:40,0
DA:41,0
DA:42,0
DA:43,0
DA:44,0
DA:45,0
DA:46,0
DA:47,0
DA:48,0
DA:49,0
DA:50,0
DA:51,0
DA:52,0
DA:53,0
DA:54,0
DA:55,0
DA:56,0
DA:57,0
DA:58,0
DA:59,0
DA:60,0
DA:61,0
DA:62,0
DA:63,0
DA:64,0
DA:65,0
DA:66,0
DA:67,0
DA:68,0
DA:69,0
DA:70,0
DA:71,0
DA:72,0
DA:73,0
DA:74,0
DA:75,0
DA:76,0
DA:77,0
DA:78,0
DA:79,0
DA:80,0
DA:81,0
DA:82,0
DA:83,0
DA:84,0
DA:85,0
DA:86,0
DA:87,0
DA:88,0
DA:89,0
DA:90,0
DA:91,0
DA:92,0
DA:93,0
DA:94,0
DA:95,0
DA:96,0
DA:97,0
DA:98,0
DA:99,0
DA:100,0
DA:101,0
DA:102,0
DA:103,0
DA:104,0
DA:105,0
DA:106,0
DA:107,0
DA:108,0
DA:109,0
DA:110,0
DA:111,0
DA:112,0
DA:113,0
DA:114,0
DA:115,0
DA:116,0
DA:117,0
DA:118,0
DA:119,0
DA:120,0
DA:121,0
DA:122,0
DA:123,0
DA:124,0
DA:125,0
DA:126,0
DA:127,0
DA:128,0
DA:129,0
DA:130,0
DA:131,0
DA:132,0
DA:133,0
DA:134,0
DA:135,0
DA:136,0
DA:137,0
DA:138,0
DA:139,0
DA:140,0
DA:141,0
DA:142,0
DA:143,0
DA:144,0
DA:145,0
DA:146,0
DA:147,0
DA:148,0
DA:149,0
DA:150,0
DA:151,0
DA:152,0
DA:153,0
DA:154,0
DA:155,0
DA:156,0
DA:157,0
DA:158,0
DA:159,0
DA:160,0
DA:161,0
DA:162,0
DA:163,0
DA:164,0
DA:165,0
DA:166,0
DA:167,0
DA:168,0
DA:169,0
DA:170,0
DA:171,0
DA:172,0
DA:173,0
DA:174,0
DA:175,0
DA:176,0
DA:177,0
DA:178,0
DA:179,0
DA:180,0
DA:181,0
DA:182,0
DA:183,0
DA:184,0
DA:185,0
DA:186,0
DA:187,0
DA:188,0
DA:189,0
DA:190,0
DA:191,0
DA:192,0
DA:193,0
DA:194,0
DA:195,0
DA:196,0
DA:197,0
DA:198,0
DA:199,0
DA:200,0
DA:201,0
DA:202,0
DA:203,0
DA:204,0
DA:205,0
DA:206,0
DA:207,0
DA:208,0
DA:209,0
DA:210,0
DA:211,0
DA:212,0
DA:213,0
DA:214,0
DA:215,0
DA:216,0
DA:217,0
DA:218,0
DA:219,0
DA:220,0
DA:221,0
DA:222,0
DA:223,0
DA:224,0
DA:225,0
DA:226,0
DA:227,0
DA:228,0
DA:229,0
DA:230,0
DA:231,0
DA:232,0
DA:233,0
DA:234,0
DA:235,0
DA:236,0
DA:237,0
DA:238,0
DA:239,0
DA:240,0
DA:241,0
DA:242,0
DA:243,0
DA:244,0
DA:245,0
DA:246,0
DA:247,0
DA:248,0
DA:249,0
DA:250,0
DA:251,0
DA:252,0
DA:253,0
DA:254,0
DA:255,0
DA:256,0
DA:257,0
DA:258,0
DA:259,0
DA:260,0
DA:261,0
DA:262,0
DA:263,0
DA:264,0
DA:265,0
DA:266,0
DA:267,0
DA:268,0
DA:269,0
DA:270,0
DA:271,0
DA:272,0
DA:273,0
DA:274,0
DA:275,0
DA:276,0
DA:277,0
DA:278,0
DA:279,0
DA:280,0
DA:281,0
DA:282,0
DA:283,0
DA:284,0
DA:285,0
DA:286,0
DA:287,0
DA:288,0
DA:289,0
DA:290,0
DA:291,0
DA:292,0
DA:293,0
DA:294,0
DA:295,0
DA:296,0
DA:297,0
DA:298,0
DA:299,0
DA:300,0
DA:301,0
DA:302,0
DA:303,0
DA:304,0
DA:305,0
DA:306,0
DA:307,0
DA:308,0
DA:309,0
DA:310,0
DA:311,0
DA:312,0
DA:313,0
DA:314,0
DA:315,0
DA:316,0
DA:317,0
DA:318,0
DA:319,0
DA:320,0
DA:321,0
DA:322,0
DA:323,0
DA:324,0
DA:325,0
DA:326,0
DA:327,0
DA:328,0
DA:329,0
DA:330,0
DA:331,0
DA:332,0
DA:333,0
DA:334,0
DA:335,0
DA:336,0
DA:337,0
DA:338,0
DA:339,0
DA:340,0
DA:341,0
DA:342,0
DA:343,0
DA:344,0
DA:345,0
DA:346,0
DA:347,0
DA:348,0
DA:349,0
DA:350,0
DA:351,0
DA:352,0
DA:353,0
DA:354,0
DA:355,0
DA:356,0
DA:357,0
DA:358,0
DA:359,0
DA:360,0
DA:361,0
DA:362,0
DA:363,0
DA:364,0
DA:365,0
DA:366,0
DA:367,0
DA:368,0
DA:369,0
DA:370,0
DA:371,0
DA:372,0
DA:373,0
DA:374,0
DA:375,0
DA:376,0
DA:377,0
DA:378,0
DA:379,0
DA:380,0
DA:381,0
DA:382,0
DA:383,0
DA:384,0
DA:385,0
DA:386,0
DA:387,0
DA:388,0
DA:389,0
DA:390,0
DA:391,0
DA:392,0
DA:393,0
DA:394,0
DA:395,0
DA:396,0
DA:397,0
DA:398,0
DA:399,0
DA:400,0
DA:401,0
DA:402,0
DA:403,0
DA:404,0
DA:405,0
DA:406,0
DA:407,0
DA:408,0
DA:409,0
DA:410,0
DA:411,0
DA:412,0
DA:413,0
DA:414,0
DA:415,0
DA:416,0
DA:417,0
DA:418,0
DA:419,0
DA:420,0
DA:421,0
DA:422,0
DA:423,0
DA:424,0
DA:425,0
DA:426,0
DA:427,0
DA:428,0
DA:429,0
DA:430,0
DA:431,0
DA:432,0
DA:433,0
DA:434,0
DA:435,0
DA:436,0
DA:437,0
DA:438,0
DA:439,0
DA:440,0
DA:441,0
DA:442,0
DA:443,0
DA:444,0
DA:445,0
DA:446,0
DA:447,0
DA:448,0
DA:449,0
DA:450,0
DA:451,0
DA:452,0
DA:453,0
DA:454,0
DA:455,0
DA:456,0
DA:457,0
DA:458,0
DA:459,0
DA:460,0
DA:461,0
DA:462,0
DA:463,0
DA:464,0
DA:465,0
DA:466,0
DA:467,0
DA:468,0
DA:469,0
DA:470,0
DA:471,0
DA:472,0
DA:473,0
DA:474,0
DA:475,0
DA:476,0
DA:477,0
DA:478,0
DA:479,0
DA:480,0
DA:481,0
DA:482,0
DA:483,0
DA:484,0
DA:485,0
DA:486,0
DA:487,0
DA:488,0
DA:489,0
DA:490,0
DA:491,0
DA:492,0
DA:493,0
DA:494,0
DA:495,0
DA:496,0
DA:497,0
DA:498,0
DA:499,0
DA:500,0
DA:501,0
DA:502,0
DA:503,0
DA:504,0
DA:505,0
DA:506,0
DA:507,0
DA:508,0
DA:509,0
DA:510,0
DA:511,0
DA:512,0
DA:513,0
DA:514,0
DA:515,0
DA:516,0
DA:517,0
DA:518,0
LF:518
LH:0
BRDA:1,0,0,0
BRF:1
BRH:0
end_of_record
TN:
SF:src/workday-waiver.js
FN:1,(empty-report)
FNF:1
FNH:0
FNDA:0,(empty-report)
DA:1,0
DA:2,0
DA:3,0
DA:4,0
DA:5,0
DA:6,0
DA:7,0
DA:8,0
DA:9,0
DA:10,0
DA:11,0
DA:12,0
DA:13,0
DA:14,0
DA:15,0
DA:16,0
DA:17,0
DA:18,0
DA:19,0
DA:20,0
DA:21,0
DA:22,0
DA:23,0
DA:24,0
DA:25,0
DA:26,0
DA:27,0
DA:28,0
DA:29,0
DA:30,0
DA:31,0
DA:32,0
DA:33,0
DA:34,0
DA:35,0
DA:36,0
DA:37,0
DA:38,0
DA:39,0
DA:40,0
DA:41,0
DA:42,0
DA:43,0
DA:44,0
DA:45,0
DA:46,0
DA:47,0
DA:48,0
DA:49,0
DA:50,0
DA:51,0
DA:52,0
DA:53,0
DA:54,0
DA:55,0
DA:56,0
DA:57,0
DA:58,0
DA:59,0
DA:60,0
DA:61,0
DA:62,0
DA:63,0
DA:64,0
DA:65,0
DA:66,0
DA:67,0
DA:68,0
DA:69,0
DA:70,0
DA:71,0
DA:72,0
DA:73,0
DA:74,0
DA:75,0
DA:76,0
DA:77,0
DA:78,0
DA:79,0
DA:80,0
DA:81,0
DA:82,0
DA:83,0
DA:84,0
DA:85,0
DA:86,0
DA:87,0
DA:88,0
DA:89,0
DA:90,0
DA:91,0
DA:92,0
DA:93,0
DA:94,0
DA:95,0
DA:96,0
DA:97,0
DA:98,0
DA:99,0
DA:100,0
DA:101,0
DA:102,0
DA:103,0
DA:104,0
DA:105,0
DA:106,0
DA:107,0
DA:108,0
DA:109,0
DA:110,0
DA:111,0
DA:112,0
DA:113,0
DA:114,0
DA:115,0
DA:116,0
DA:117,0
DA:118,0
DA:119,0
DA:120,0
DA:121,0
DA:122,0
DA:123,0
DA:124,0
DA:125,0
DA:126,0
DA:127,0
DA:128,0
DA:129,0
DA:130,0
DA:131,0
DA:132,0
DA:133,0
DA:134,0
DA:135,0
DA:136,0
DA:137,0
DA:138,0
DA:139,0
DA:140,0
DA:141,0
DA:142,0
DA:143,0
DA:144,0
DA:145,0
DA:146,0
DA:147,0
DA:148,0
DA:149,0
DA:150,0
DA:151,0
DA:152,0
DA:153,0
DA:154,0
DA:155,0
DA:156,0
DA:157,0
DA:158,0
DA:159,0
DA:160,0
DA:161,0
DA:162,0
DA:163,0
DA:164,0
DA:165,0
DA:166,0
DA:167,0
DA:168,0
DA:169,0
DA:170,0
DA:171,0
DA:172,0
DA:173,0
DA:174,0
DA:175,0
DA:176,0
DA:177,0
DA:178,0
DA:179,0
DA:180,0
DA:181,0
DA:182,0
DA:183,0
DA:184,0
DA:185,0
DA:186,0
DA:187,0
DA:188,0
DA:189,0
DA:190,0
DA:191,0
DA:192,0
DA:193,0
DA:194,0
DA:195,0
DA:196,0
DA:197,0
DA:198,0
DA:199,0
DA:200,0
DA:201,0
DA:202,0
DA:203,0
DA:204,0
DA:205,0
DA:206,0
DA:207,0
DA:208,0
DA:209,0
DA:210,0
DA:211,0
DA:212,0
DA:213,0
DA:214,0
DA:215,0
DA:216,0
DA:217,0
DA:218,0
DA:219,0
DA:220,0
DA:221,0
DA:222,0
DA:223,0
DA:224,0
DA:225,0
DA:226,0
DA:227,0
DA:228,0
DA:229,0
DA:230,0
DA:231,0
DA:232,0
DA:233,0
DA:234,0
DA:235,0
DA:236,0
DA:237,0
DA:238,0
DA:239,0
DA:240,0
DA:241,0
DA:242,0
DA:243,0
DA:244,0
DA:245,0
DA:246,0
DA:247,0
DA:248,0
DA:249,0
DA:250,0
DA:251,0
DA:252,0
DA:253,0
DA:254,0
DA:255,0
DA:256,0
DA:257,0
DA:258,0
DA:259,0
DA:260,0
DA:261,0
DA:262,0
DA:263,0
DA:264,0
DA:265,0
DA:266,0
DA:267,0
DA:268,0
DA:269,0
DA:270,0
DA:271,0
DA:272,0
DA:273,0
DA:274,0
DA:275,0
DA:276,0
DA:277,0
DA:278,0
DA:279,0
DA:280,0
DA:281,0
DA:282,0
DA:283,0
DA:284,0
DA:285,0
DA:286,0
DA:287,0
DA:288,0
DA:289,0
DA:290,0
DA:291,0
DA:292,0
DA:293,0
DA:294,0
DA:295,0
DA:296,0
DA:297,0
DA:298,0
DA:299,0
DA:300,0
DA:301,0
DA:302,0
DA:303,0
DA:304,0
DA:305,0
DA:306,0
DA:307,0
DA:308,0
DA:309,0
DA:310,0
DA:311,0
DA:312,0
DA:313,0
DA:314,0
DA:315,0
DA:316,0
DA:317,0
DA:318,0
DA:319,0
DA:320,0
DA:321,0
DA:322,0
DA:323,0
DA:324,0
DA:325,0
DA:326,0
DA:327,0
DA:328,0
DA:329,0
DA:330,0
DA:331,0
DA:332,0
DA:333,0
DA:334,0
DA:335,0
DA:336,0
DA:337,0
DA:338,0
DA:339,0
DA:340,0
DA:341,0
DA:342,0
DA:343,0
DA:344,0
DA:345,0
DA:346,0
DA:347,0
DA:348,0
DA:349,0
DA:350,0
DA:351,0
DA:352,0
DA:353,0
DA:354,0
DA:355,0
DA:356,0
DA:357,0
DA:358,0
DA:359,0
DA:360,0
DA:361,0
DA:362,0
DA:363,0
DA:364,0
DA:365,0
DA:366,0
DA:367,0
DA:368,0
DA:369,0
DA:370,0
DA:371,0
DA:372,0
DA:373,0
DA:374,0
DA:375,0
DA:376,0
DA:377,0
DA:378,0
DA:379,0
DA:380,0
DA:381,0
DA:382,0
DA:383,0
DA:384,0
DA:385,0
DA:386,0
DA:387,0
DA:388,0
DA:389,0
DA:390,0
DA:391,0
DA:392,0
DA:393,0
DA:394,0
DA:395,0
DA:396,0
DA:397,0
DA:398,0
DA:399,0
DA:400,0
DA:401,0
DA:402,0
DA:403,0
DA:404,0
DA:405,0
DA:406,0
DA:407,0
DA:408,0
DA:409,0
DA:410,0
DA:411,0
DA:412,0
DA:413,0
DA:414,0
DA:415,0
DA:416,0
DA:417,0
DA:418,0
DA:419,0
DA:420,0
DA:421,0
DA:422,0
DA:423,0
DA:424,0
DA:425,0
DA:426,0
DA:427,0
DA:428,0
DA:429,0
DA:430,0
DA:431,0
DA:432,0
DA:433,0
DA:434,0
DA:435,0
DA:436,0
DA:437,0
DA:438,0
DA:439,0
DA:440,0
DA:441,0
DA:442,0
DA:443,0
DA:444,0
DA:445,0
DA:446,0
DA:447,0
DA:448,0
DA:449,0
DA:450,0
DA:451,0
DA:452,0
DA:453,0
DA:454,0
DA:455,0
DA:456,0
DA:457,0
DA:458,0
DA:459,0
DA:460,0
DA:461,0
DA:462,0
DA:463,0
DA:464,0
DA:465,0
DA:466,0
DA:467,0
DA:468,0
DA:469,0
DA:470,0
DA:471,0
DA:472,0
DA:473,0
DA:474,0
DA:475,0
DA:476,0
DA:477,0
DA:478,0
DA:479,0
DA:480,0
DA:481,0
DA:482,0
DA:483,0
DA:484,0
DA:485,0
DA:486,0
DA:487,0
DA:488,0
DA:489,0
DA:490,0
DA:491,0
DA:492,0
DA:493,0
DA:494,0
DA:495,0
DA:496,0
DA:497,0
DA:498,0
DA:499,0
DA:500,0
DA:501,0
DA:502,0
DA:503,0
DA:504,0
DA:505,0
DA:506,0
DA:507,0
DA:508,0
DA:509,0
DA:510,0
DA:511,0
DA:512,0
DA:513,0
DA:514,0
DA:515,0
DA:516,0
DA:517,0
DA:518,0
DA:519,0
DA:520,0
DA:521,0
DA:522,0
DA:523,0
DA:524,0
DA:525,0
DA:526,0
DA:527,0
DA:528,0
DA:529,0
DA:530,0
LF:530
LH:0
BRDA:1,0,0,0
BRF:1
BRH:0
end_of_record
